11:30:23.054 INFO  dcs.group8.models.ResourceManager 50 <init> - The resource manager rm@node323 was created
11:30:23.054 INFO  dcs.group8.models.ResourceManager 50 <init> - The resource manager rm@node323 was created
13:01:49.063 INFO  dcs.group8.models.ResourceManager 132 gsToRmJobMessage - Adding job with Job_id: 400 to a node at cluster@10.141.3.32
13:01:49.210 ERROR dcs.group8.models.ResourceManager 86 callBackHandler - Could not communicate with gs@node325
13:01:49.211 ERROR dcs.group8.models.ResourceManager 87 callBackHandler - null
13:01:50.216 ERROR dcs.group8.models.ResourceManager 86 callBackHandler - Could not communicate with gs@node325
13:01:50.216 ERROR dcs.group8.models.ResourceManager 87 callBackHandler - null
13:01:51.221 ERROR dcs.group8.models.ResourceManager 86 callBackHandler - Could not communicate with gs@node325
13:01:51.221 ERROR dcs.group8.models.ResourceManager 87 callBackHandler - null
13:01:52.227 ERROR dcs.group8.models.ResourceManager 86 callBackHandler - Could not communicate with gs@node325
13:01:52.227 ERROR dcs.group8.models.ResourceManager 87 callBackHandler - null
13:01:53.232 ERROR dcs.group8.models.ResourceManager 86 callBackHandler - Could not communicate with gs@node325
13:01:53.232 ERROR dcs.group8.models.ResourceManager 87 callBackHandler - null
13:01:53.232 ERROR dcs.group8.models.ResourceManager 94 callBackHandler - Communication with GS was not established..assuming that the gs@: node325 is offlinejava.lang.NullPointerException
13:01:53.232 INFO  dcs.group8.models.ResourceManager 95 callBackHandler - Trying to communicate with the auxiliary Grid Scheduler, gs@node330
13:01:53.239 DEBUG dcs.group8.models.ResourceManager 164 informReplicaGs - Message_time,6
13:01:53.245 DEBUG dcs.group8.models.ResourceManager 78 callBackHandler - Message_time,12
13:01:53.245 INFO  dcs.group8.models.ResourceManager 81 callBackHandler - Job with Job_id:400 was completed
13:01:53.245 INFO  dcs.group8.models.ResourceManager 106 callBackHandler - One more node is available now
13:01:53.245 INFO  dcs.group8.models.ResourceManager 106 callBackHandler - One more node is available now
13:23:06.377 INFO  dcs.group8.models.ResourceManager 132 gsToRmJobMessage - Adding job with Job_id: 426 to a node at cluster@10.141.3.31
13:23:06.419 DEBUG dcs.group8.models.ResourceManager 78 callBackHandler - Message_time,22
13:23:06.420 INFO  dcs.group8.models.ResourceManager 81 callBackHandler - Job with Job_id:426 was completed
13:23:06.420 INFO  dcs.group8.models.ResourceManager 106 callBackHandler - One more node is available now
13:28:11.075 INFO  dcs.group8.models.ResourceManager 132 gsToRmJobMessage - Adding job with Job_id: 506 to a node at cluster@10.141.3.32
13:28:11.287 DEBUG dcs.group8.models.ResourceManager 78 callBackHandler - Message_time,31
13:28:11.287 INFO  dcs.group8.models.ResourceManager 81 callBackHandler - Job with Job_id:506 was completed
13:28:11.287 INFO  dcs.group8.models.ResourceManager 106 callBackHandler - One more node is available now
