11:30:23.353 INFO  dcs.group8.models.ResourceManager 50 <init> - The resource manager rm@node325 was created
11:30:23.353 INFO  dcs.group8.models.ResourceManager 50 <init> - The resource manager rm@node325 was created
11:37:17.637 INFO  dcs.group8.models.ResourceManager 132 gsToRmJobMessage - Adding job with Job_id: 42 to a node at cluster@10.141.3.32
11:37:17.785 ERROR dcs.group8.models.ResourceManager 86 callBackHandler - Could not communicate with gs@node325
11:37:17.785 ERROR dcs.group8.models.ResourceManager 87 callBackHandler - null
11:37:18.791 ERROR dcs.group8.models.ResourceManager 86 callBackHandler - Could not communicate with gs@node325
11:37:18.791 ERROR dcs.group8.models.ResourceManager 87 callBackHandler - null
11:37:19.797 ERROR dcs.group8.models.ResourceManager 86 callBackHandler - Could not communicate with gs@node325
11:37:19.797 ERROR dcs.group8.models.ResourceManager 87 callBackHandler - null
11:37:20.803 ERROR dcs.group8.models.ResourceManager 86 callBackHandler - Could not communicate with gs@node325
11:37:20.803 ERROR dcs.group8.models.ResourceManager 87 callBackHandler - null
11:37:21.810 ERROR dcs.group8.models.ResourceManager 86 callBackHandler - Could not communicate with gs@node325
11:37:21.810 ERROR dcs.group8.models.ResourceManager 87 callBackHandler - null
11:37:21.810 ERROR dcs.group8.models.ResourceManager 94 callBackHandler - Communication with GS was not established..assuming that the gs@: node325 is offlinejava.lang.NullPointerException
11:37:21.810 INFO  dcs.group8.models.ResourceManager 95 callBackHandler - Trying to communicate with the auxiliary Grid Scheduler, gs@node330
11:37:21.958 DEBUG dcs.group8.models.ResourceManager 164 informReplicaGs - Message_time,148
11:37:21.966 DEBUG dcs.group8.models.ResourceManager 78 callBackHandler - Message_time,156
11:37:21.966 INFO  dcs.group8.models.ResourceManager 81 callBackHandler - Job with Job_id:42 was completed
11:37:21.967 INFO  dcs.group8.models.ResourceManager 106 callBackHandler - One more node is available now
11:37:21.967 INFO  dcs.group8.models.ResourceManager 106 callBackHandler - One more node is available now
12:36:07.068 INFO  dcs.group8.models.ResourceManager 132 gsToRmJobMessage - Adding job with Job_id: 266 to a node at cluster@10.141.3.31
12:36:07.187 DEBUG dcs.group8.models.ResourceManager 78 callBackHandler - Message_time,167
12:36:07.187 INFO  dcs.group8.models.ResourceManager 81 callBackHandler - Job with Job_id:266 was completed
12:36:07.187 INFO  dcs.group8.models.ResourceManager 106 callBackHandler - One more node is available now
12:36:35.645 INFO  dcs.group8.models.ResourceManager 132 gsToRmJobMessage - Adding job with Job_id: 264 to a node at cluster@10.141.3.32
12:36:35.942 DEBUG dcs.group8.models.ResourceManager 78 callBackHandler - Message_time,174
12:36:35.942 INFO  dcs.group8.models.ResourceManager 81 callBackHandler - Job with Job_id:264 was completed
12:36:35.942 INFO  dcs.group8.models.ResourceManager 106 callBackHandler - One more node is available now
13:01:48.639 INFO  dcs.group8.models.ResourceManager 132 gsToRmJobMessage - Adding job with Job_id: 396 to a node at cluster@10.141.3.31
13:01:49.087 DEBUG dcs.group8.models.ResourceManager 78 callBackHandler - Message_time,186
13:01:49.087 INFO  dcs.group8.models.ResourceManager 81 callBackHandler - Job with Job_id:396 was completed
13:01:49.087 INFO  dcs.group8.models.ResourceManager 106 callBackHandler - One more node is available now
13:23:06.364 INFO  dcs.group8.models.ResourceManager 132 gsToRmJobMessage - Adding job with Job_id: 424 to a node at cluster@10.141.3.31
13:23:06.855 DEBUG dcs.group8.models.ResourceManager 78 callBackHandler - Message_time,195
13:23:06.855 INFO  dcs.group8.models.ResourceManager 81 callBackHandler - Job with Job_id:424 was completed
13:23:06.855 INFO  dcs.group8.models.ResourceManager 106 callBackHandler - One more node is available now
13:24:08.406 INFO  dcs.group8.models.ResourceManager 132 gsToRmJobMessage - Adding job with Job_id: 442 to a node at cluster@10.141.3.32
13:24:08.614 DEBUG dcs.group8.models.ResourceManager 78 callBackHandler - Message_time,203
13:24:08.614 INFO  dcs.group8.models.ResourceManager 81 callBackHandler - Job with Job_id:442 was completed
13:24:08.614 INFO  dcs.group8.models.ResourceManager 106 callBackHandler - One more node is available now
13:24:14.432 INFO  dcs.group8.models.ResourceManager 132 gsToRmJobMessage - Adding job with Job_id: 446 to a node at cluster@10.141.3.32
13:24:14.551 DEBUG dcs.group8.models.ResourceManager 78 callBackHandler - Message_time,245
13:24:14.552 INFO  dcs.group8.models.ResourceManager 81 callBackHandler - Job with Job_id:446 was completed
13:24:14.552 INFO  dcs.group8.models.ResourceManager 106 callBackHandler - One more node is available now
13:24:29.672 INFO  dcs.group8.models.ResourceManager 132 gsToRmJobMessage - Adding job with Job_id: 452 to a node at cluster@10.141.3.32
13:24:29.810 DEBUG dcs.group8.models.ResourceManager 78 callBackHandler - Message_time,251
13:24:29.810 INFO  dcs.group8.models.ResourceManager 81 callBackHandler - Job with Job_id:452 was completed
13:24:29.810 INFO  dcs.group8.models.ResourceManager 106 callBackHandler - One more node is available now
13:25:05.786 INFO  dcs.group8.models.ResourceManager 132 gsToRmJobMessage - Adding job with Job_id: 468 to a node at cluster@10.141.3.32
13:25:05.929 DEBUG dcs.group8.models.ResourceManager 78 callBackHandler - Message_time,259
13:25:05.929 INFO  dcs.group8.models.ResourceManager 81 callBackHandler - Job with Job_id:468 was completed
13:25:05.929 INFO  dcs.group8.models.ResourceManager 106 callBackHandler - One more node is available now
13:26:10.890 INFO  dcs.group8.models.ResourceManager 132 gsToRmJobMessage - Adding job with Job_id: 478 to a node at cluster@10.141.3.32
13:26:11.272 DEBUG dcs.group8.models.ResourceManager 78 callBackHandler - Message_time,267
13:26:11.272 INFO  dcs.group8.models.ResourceManager 81 callBackHandler - Job with Job_id:478 was completed
13:26:11.272 INFO  dcs.group8.models.ResourceManager 106 callBackHandler - One more node is available now
13:28:10.763 INFO  dcs.group8.models.ResourceManager 132 gsToRmJobMessage - Adding job with Job_id: 482 to a node at cluster@10.141.3.31
13:28:11.195 DEBUG dcs.group8.models.ResourceManager 78 callBackHandler - Message_time,277
13:28:11.195 INFO  dcs.group8.models.ResourceManager 81 callBackHandler - Job with Job_id:482 was completed
13:28:11.195 INFO  dcs.group8.models.ResourceManager 106 callBackHandler - One more node is available now
13:28:35.139 INFO  dcs.group8.models.ResourceManager 132 gsToRmJobMessage - Adding job with Job_id: 516 to a node at cluster@10.141.3.32
13:28:35.341 DEBUG dcs.group8.models.ResourceManager 78 callBackHandler - Message_time,284
13:28:35.341 INFO  dcs.group8.models.ResourceManager 81 callBackHandler - Job with Job_id:516 was completed
13:28:35.341 INFO  dcs.group8.models.ResourceManager 106 callBackHandler - One more node is available now
