16:36:40.481 INFO  dcs.group8.client.RunClient 119 main - Creating a new client
16:36:40.482 INFO  dcs.group8.client.RunClient 68 <init> - Initializing client's data structures
16:36:40.491 INFO  dcs.group8.client.RunClient 132 main - Creating jobs to submit to the Distributed System
16:36:40.658 INFO  dcs.group8.client.RunClient 205 setUpRegistry - Client registry is properly set up
16:37:00.687 INFO  dcs.group8.client.RunClient 163 main - [+] Submitting Job_no: 1 from client_1 to gs@node305
16:37:00.705 INFO  dcs.group8.client.RunClient 167 main - [+]Response from gs@node305:JobMessage was received forwarding it to a resource manager
16:37:00.712 INFO  dcs.group8.client.RunClient 163 main - [+] Submitting Job_no: 2 from client_1 to gs@node306
16:37:00.729 INFO  dcs.group8.client.RunClient 167 main - [+]Response from gs@node306:JobMessage was received forwarding it to a resource manager
16:37:00.731 INFO  dcs.group8.client.RunClient 163 main - [+] Submitting Job_no: 3 from client_1 to gs@node305
16:37:00.743 INFO  dcs.group8.client.RunClient 167 main - [+]Response from gs@node305:JobMessage was received forwarding it to a resource manager
16:37:00.745 INFO  dcs.group8.client.RunClient 163 main - [+] Submitting Job_no: 4 from client_1 to gs@node306
16:37:00.757 INFO  dcs.group8.client.RunClient 167 main - [+]Response from gs@node306:JobMessage was received forwarding it to a resource manager
16:37:00.759 INFO  dcs.group8.client.RunClient 163 main - [+] Submitting Job_no: 5 from client_1 to gs@node305
16:37:00.765 INFO  dcs.group8.client.RunClient 167 main - [+]Response from gs@node305:JobMessage was received forwarding it to a resource manager
16:37:00.767 INFO  dcs.group8.client.RunClient 163 main - [+] Submitting Job_no: 6 from client_1 to gs@node306
16:37:00.774 INFO  dcs.group8.client.RunClient 167 main - [+]Response from gs@node306:JobMessage was received forwarding it to a resource manager
16:37:00.776 INFO  dcs.group8.client.RunClient 163 main - [+] Submitting Job_no: 7 from client_1 to gs@node305
16:37:00.782 INFO  dcs.group8.client.RunClient 167 main - [+]Response from gs@node305:JobMessage was received forwarding it to a resource manager
16:37:00.784 INFO  dcs.group8.client.RunClient 163 main - [+] Submitting Job_no: 8 from client_1 to gs@node306
16:37:00.790 INFO  dcs.group8.client.RunClient 167 main - [+]Response from gs@node306:JobMessage was received forwarding it to a resource manager
16:37:00.792 INFO  dcs.group8.client.RunClient 163 main - [+] Submitting Job_no: 9 from client_1 to gs@node305
16:37:00.798 INFO  dcs.group8.client.RunClient 167 main - [+]Response from gs@node305:JobMessage was received forwarding it to a resource manager
16:37:00.800 INFO  dcs.group8.client.RunClient 163 main - [+] Submitting Job_no: 10 from client_1 to gs@node306
16:37:00.806 INFO  dcs.group8.client.RunClient 167 main - [+]Response from gs@node306:JobMessage was received forwarding it to a resource manager
16:37:00.808 INFO  dcs.group8.client.RunClient 163 main - [+] Submitting Job_no: 11 from client_1 to gs@node305
16:37:00.814 INFO  dcs.group8.client.RunClient 167 main - [+]Response from gs@node305:JobMessage was received forwarding it to a resource manager
16:37:00.816 INFO  dcs.group8.client.RunClient 163 main - [+] Submitting Job_no: 12 from client_1 to gs@node306
16:37:00.823 INFO  dcs.group8.client.RunClient 167 main - [+]Response from gs@node306:JobMessage was received forwarding it to a resource manager
16:37:00.825 INFO  dcs.group8.client.RunClient 163 main - [+] Submitting Job_no: 13 from client_1 to gs@node305
16:37:00.831 INFO  dcs.group8.client.RunClient 167 main - [+]Response from gs@node305:JobMessage was received forwarding it to a resource manager
16:37:00.833 INFO  dcs.group8.client.RunClient 163 main - [+] Submitting Job_no: 14 from client_1 to gs@node306
16:37:00.839 INFO  dcs.group8.client.RunClient 167 main - [+]Response from gs@node306:JobMessage was received forwarding it to a resource manager
16:37:00.841 INFO  dcs.group8.client.RunClient 163 main - [+] Submitting Job_no: 15 from client_1 to gs@node305
16:37:00.848 INFO  dcs.group8.client.RunClient 167 main - [+]Response from gs@node305:JobMessage was received forwarding it to a resource manager
16:37:00.850 INFO  dcs.group8.client.RunClient 163 main - [+] Submitting Job_no: 16 from client_1 to gs@node306
16:37:00.857 INFO  dcs.group8.client.RunClient 167 main - [+]Response from gs@node306:JobMessage was received forwarding it to a resource manager
16:37:00.859 INFO  dcs.group8.client.RunClient 163 main - [+] Submitting Job_no: 17 from client_1 to gs@node305
16:37:00.865 INFO  dcs.group8.client.RunClient 167 main - [+]Response from gs@node305:JobMessage was received forwarding it to a resource manager
16:37:00.867 INFO  dcs.group8.client.RunClient 163 main - [+] Submitting Job_no: 18 from client_1 to gs@node306
16:37:00.873 INFO  dcs.group8.client.RunClient 167 main - [+]Response from gs@node306:JobMessage was received forwarding it to a resource manager
16:37:00.875 INFO  dcs.group8.client.RunClient 163 main - [+] Submitting Job_no: 19 from client_1 to gs@node305
16:37:00.881 INFO  dcs.group8.client.RunClient 167 main - [+]Response from gs@node305:JobMessage was received forwarding it to a resource manager
16:37:00.883 INFO  dcs.group8.client.RunClient 163 main - [+] Submitting Job_no: 20 from client_1 to gs@node306
16:37:00.889 INFO  dcs.group8.client.RunClient 167 main - [+]Response from gs@node306:JobMessage was received forwarding it to a resource manager
16:37:00.891 INFO  dcs.group8.client.RunClient 163 main - [+] Submitting Job_no: 21 from client_1 to gs@node305
16:37:00.897 INFO  dcs.group8.client.RunClient 167 main - [+]Response from gs@node305:JobMessage was received forwarding it to a resource manager
16:37:00.899 INFO  dcs.group8.client.RunClient 163 main - [+] Submitting Job_no: 22 from client_1 to gs@node306
16:37:00.906 INFO  dcs.group8.client.RunClient 167 main - [+]Response from gs@node306:JobMessage was received forwarding it to a resource manager
16:37:00.907 INFO  dcs.group8.client.RunClient 163 main - [+] Submitting Job_no: 23 from client_1 to gs@node305
16:37:00.914 INFO  dcs.group8.client.RunClient 167 main - [+]Response from gs@node305:JobMessage was received forwarding it to a resource manager
16:37:00.916 INFO  dcs.group8.client.RunClient 163 main - [+] Submitting Job_no: 24 from client_1 to gs@node306
16:37:00.922 INFO  dcs.group8.client.RunClient 167 main - [+]Response from gs@node306:JobMessage was received forwarding it to a resource manager
16:37:00.924 INFO  dcs.group8.client.RunClient 163 main - [+] Submitting Job_no: 25 from client_1 to gs@node305
16:37:00.930 INFO  dcs.group8.client.RunClient 167 main - [+]Response from gs@node305:JobMessage was received forwarding it to a resource manager
16:37:00.932 INFO  dcs.group8.client.RunClient 163 main - [+] Submitting Job_no: 26 from client_1 to gs@node306
16:37:00.938 INFO  dcs.group8.client.RunClient 167 main - [+]Response from gs@node306:JobMessage was received forwarding it to a resource manager
16:37:00.940 INFO  dcs.group8.client.RunClient 163 main - [+] Submitting Job_no: 27 from client_1 to gs@node305
16:37:00.947 INFO  dcs.group8.client.RunClient 167 main - [+]Response from gs@node305:JobMessage was received forwarding it to a resource manager
16:37:00.949 INFO  dcs.group8.client.RunClient 163 main - [+] Submitting Job_no: 28 from client_1 to gs@node306
16:37:00.955 INFO  dcs.group8.client.RunClient 167 main - [+]Response from gs@node306:JobMessage was received forwarding it to a resource manager
16:37:00.957 INFO  dcs.group8.client.RunClient 163 main - [+] Submitting Job_no: 29 from client_1 to gs@node305
16:37:00.963 INFO  dcs.group8.client.RunClient 167 main - [+]Response from gs@node305:JobMessage was received forwarding it to a resource manager
16:37:00.965 INFO  dcs.group8.client.RunClient 163 main - [+] Submitting Job_no: 30 from client_1 to gs@node306
16:37:00.971 INFO  dcs.group8.client.RunClient 167 main - [+]Response from gs@node306:JobMessage was received forwarding it to a resource manager
16:37:00.973 INFO  dcs.group8.client.RunClient 163 main - [+] Submitting Job_no: 31 from client_1 to gs@node305
16:37:00.980 INFO  dcs.group8.client.RunClient 167 main - [+]Response from gs@node305:JobMessage was received forwarding it to a resource manager
16:37:00.982 INFO  dcs.group8.client.RunClient 163 main - [+] Submitting Job_no: 32 from client_1 to gs@node306
16:37:00.988 INFO  dcs.group8.client.RunClient 167 main - [+]Response from gs@node306:JobMessage was received forwarding it to a resource manager
16:37:00.990 INFO  dcs.group8.client.RunClient 163 main - [+] Submitting Job_no: 33 from client_1 to gs@node305
16:37:00.996 INFO  dcs.group8.client.RunClient 167 main - [+]Response from gs@node305:JobMessage was received forwarding it to a resource manager
16:37:00.998 INFO  dcs.group8.client.RunClient 163 main - [+] Submitting Job_no: 34 from client_1 to gs@node306
16:37:01.004 INFO  dcs.group8.client.RunClient 167 main - [+]Response from gs@node306:JobMessage was received forwarding it to a resource manager
16:37:01.006 INFO  dcs.group8.client.RunClient 163 main - [+] Submitting Job_no: 35 from client_1 to gs@node305
16:37:01.012 INFO  dcs.group8.client.RunClient 167 main - [+]Response from gs@node305:JobMessage was received forwarding it to a resource manager
16:37:01.014 INFO  dcs.group8.client.RunClient 163 main - [+] Submitting Job_no: 36 from client_1 to gs@node306
16:37:01.020 INFO  dcs.group8.client.RunClient 167 main - [+]Response from gs@node306:JobMessage was received forwarding it to a resource manager
16:37:01.022 INFO  dcs.group8.client.RunClient 163 main - [+] Submitting Job_no: 37 from client_1 to gs@node305
16:37:01.028 INFO  dcs.group8.client.RunClient 167 main - [+]Response from gs@node305:JobMessage was received forwarding it to a resource manager
16:37:01.029 INFO  dcs.group8.client.RunClient 163 main - [+] Submitting Job_no: 38 from client_1 to gs@node306
16:37:01.035 INFO  dcs.group8.client.RunClient 167 main - [+]Response from gs@node306:JobMessage was received forwarding it to a resource manager
16:37:01.037 INFO  dcs.group8.client.RunClient 163 main - [+] Submitting Job_no: 39 from client_1 to gs@node305
16:37:01.043 INFO  dcs.group8.client.RunClient 167 main - [+]Response from gs@node305:JobMessage was received forwarding it to a resource manager
16:37:01.045 INFO  dcs.group8.client.RunClient 163 main - [+] Submitting Job_no: 40 from client_1 to gs@node306
16:37:01.051 INFO  dcs.group8.client.RunClient 167 main - [+]Response from gs@node306:JobMessage was received forwarding it to a resource manager
16:37:21.053 INFO  dcs.group8.client.RunClient 163 main - [+] Submitting Job_no: 41 from client_1 to gs@node305
16:37:21.060 INFO  dcs.group8.client.RunClient 167 main - [+]Response from gs@node305:JobMessage was received
16:37:21.062 INFO  dcs.group8.client.RunClient 163 main - [+] Submitting Job_no: 42 from client_1 to gs@node306
16:37:21.077 INFO  dcs.group8.client.RunClient 167 main - [+]Response from gs@node306:JobMessage was received
16:37:21.078 INFO  dcs.group8.client.RunClient 163 main - [+] Submitting Job_no: 43 from client_1 to gs@node305
16:37:21.084 INFO  dcs.group8.client.RunClient 167 main - [+]Response from gs@node305:JobMessage was received
16:37:21.086 INFO  dcs.group8.client.RunClient 163 main - [+] Submitting Job_no: 44 from client_1 to gs@node306
16:37:21.092 INFO  dcs.group8.client.RunClient 167 main - [+]Response from gs@node306:JobMessage was received
16:37:21.093 INFO  dcs.group8.client.RunClient 163 main - [+] Submitting Job_no: 45 from client_1 to gs@node305
16:37:21.099 INFO  dcs.group8.client.RunClient 167 main - [+]Response from gs@node305:JobMessage was received
16:37:21.101 INFO  dcs.group8.client.RunClient 163 main - [+] Submitting Job_no: 46 from client_1 to gs@node306
16:37:21.106 INFO  dcs.group8.client.RunClient 167 main - [+]Response from gs@node306:JobMessage was received
16:37:21.108 INFO  dcs.group8.client.RunClient 163 main - [+] Submitting Job_no: 47 from client_1 to gs@node305
16:37:21.114 INFO  dcs.group8.client.RunClient 167 main - [+]Response from gs@node305:JobMessage was received
16:37:21.115 INFO  dcs.group8.client.RunClient 163 main - [+] Submitting Job_no: 48 from client_1 to gs@node306
16:37:21.121 INFO  dcs.group8.client.RunClient 167 main - [+]Response from gs@node306:JobMessage was received
16:37:21.123 INFO  dcs.group8.client.RunClient 163 main - [+] Submitting Job_no: 49 from client_1 to gs@node305
16:37:21.128 INFO  dcs.group8.client.RunClient 167 main - [+]Response from gs@node305:JobMessage was received
16:37:21.130 INFO  dcs.group8.client.RunClient 163 main - [+] Submitting Job_no: 50 from client_1 to gs@node306
16:37:21.136 INFO  dcs.group8.client.RunClient 167 main - [+]Response from gs@node306:JobMessage was received
16:37:21.137 INFO  dcs.group8.client.RunClient 163 main - [+] Submitting Job_no: 51 from client_1 to gs@node305
16:37:21.143 INFO  dcs.group8.client.RunClient 167 main - [+]Response from gs@node305:JobMessage was received
16:37:21.145 INFO  dcs.group8.client.RunClient 163 main - [+] Submitting Job_no: 52 from client_1 to gs@node306
16:37:21.150 INFO  dcs.group8.client.RunClient 167 main - [+]Response from gs@node306:JobMessage was received
16:37:21.152 INFO  dcs.group8.client.RunClient 163 main - [+] Submitting Job_no: 53 from client_1 to gs@node305
16:37:21.157 INFO  dcs.group8.client.RunClient 167 main - [+]Response from gs@node305:JobMessage was received
16:37:21.159 INFO  dcs.group8.client.RunClient 163 main - [+] Submitting Job_no: 54 from client_1 to gs@node306
16:37:21.164 INFO  dcs.group8.client.RunClient 167 main - [+]Response from gs@node306:JobMessage was received
16:37:21.166 INFO  dcs.group8.client.RunClient 163 main - [+] Submitting Job_no: 55 from client_1 to gs@node305
16:37:21.172 INFO  dcs.group8.client.RunClient 167 main - [+]Response from gs@node305:JobMessage was received
16:37:21.174 INFO  dcs.group8.client.RunClient 163 main - [+] Submitting Job_no: 56 from client_1 to gs@node306
16:37:21.179 INFO  dcs.group8.client.RunClient 167 main - [+]Response from gs@node306:JobMessage was received
16:37:21.181 INFO  dcs.group8.client.RunClient 163 main - [+] Submitting Job_no: 57 from client_1 to gs@node305
16:37:21.187 INFO  dcs.group8.client.RunClient 167 main - [+]Response from gs@node305:JobMessage was received
16:37:21.188 INFO  dcs.group8.client.RunClient 163 main - [+] Submitting Job_no: 58 from client_1 to gs@node306
16:37:21.194 INFO  dcs.group8.client.RunClient 167 main - [+]Response from gs@node306:JobMessage was received
16:37:21.196 INFO  dcs.group8.client.RunClient 163 main - [+] Submitting Job_no: 59 from client_1 to gs@node305
16:37:21.203 INFO  dcs.group8.client.RunClient 167 main - [+]Response from gs@node305:JobMessage was received
16:37:21.205 INFO  dcs.group8.client.RunClient 163 main - [+] Submitting Job_no: 60 from client_1 to gs@node306
16:37:21.210 INFO  dcs.group8.client.RunClient 167 main - [+]Response from gs@node306:JobMessage was received
16:37:21.212 INFO  dcs.group8.client.RunClient 163 main - [+] Submitting Job_no: 61 from client_1 to gs@node305
16:37:21.218 INFO  dcs.group8.client.RunClient 167 main - [+]Response from gs@node305:JobMessage was received
16:37:21.219 INFO  dcs.group8.client.RunClient 163 main - [+] Submitting Job_no: 62 from client_1 to gs@node306
16:37:21.225 INFO  dcs.group8.client.RunClient 167 main - [+]Response from gs@node306:JobMessage was received
16:37:21.227 INFO  dcs.group8.client.RunClient 163 main - [+] Submitting Job_no: 63 from client_1 to gs@node305
16:37:21.232 INFO  dcs.group8.client.RunClient 167 main - [+]Response from gs@node305:JobMessage was received
16:37:21.234 INFO  dcs.group8.client.RunClient 163 main - [+] Submitting Job_no: 64 from client_1 to gs@node306
16:37:21.240 INFO  dcs.group8.client.RunClient 167 main - [+]Response from gs@node306:JobMessage was received
16:37:21.241 INFO  dcs.group8.client.RunClient 163 main - [+] Submitting Job_no: 65 from client_1 to gs@node305
16:37:21.247 INFO  dcs.group8.client.RunClient 167 main - [+]Response from gs@node305:JobMessage was received
16:37:21.248 INFO  dcs.group8.client.RunClient 163 main - [+] Submitting Job_no: 66 from client_1 to gs@node306
16:37:21.255 INFO  dcs.group8.client.RunClient 167 main - [+]Response from gs@node306:JobMessage was received
16:37:21.256 INFO  dcs.group8.client.RunClient 163 main - [+] Submitting Job_no: 67 from client_1 to gs@node305
16:37:21.262 INFO  dcs.group8.client.RunClient 167 main - [+]Response from gs@node305:JobMessage was received
16:37:21.263 INFO  dcs.group8.client.RunClient 163 main - [+] Submitting Job_no: 68 from client_1 to gs@node306
16:37:21.269 INFO  dcs.group8.client.RunClient 167 main - [+]Response from gs@node306:JobMessage was received
16:37:21.271 INFO  dcs.group8.client.RunClient 163 main - [+] Submitting Job_no: 69 from client_1 to gs@node305
16:37:21.276 INFO  dcs.group8.client.RunClient 167 main - [+]Response from gs@node305:JobMessage was received
16:37:21.278 INFO  dcs.group8.client.RunClient 163 main - [+] Submitting Job_no: 70 from client_1 to gs@node306
16:37:21.284 INFO  dcs.group8.client.RunClient 167 main - [+]Response from gs@node306:JobMessage was received
16:37:21.285 INFO  dcs.group8.client.RunClient 163 main - [+] Submitting Job_no: 71 from client_1 to gs@node305
16:37:21.291 INFO  dcs.group8.client.RunClient 167 main - [+]Response from gs@node305:JobMessage was received
16:37:21.293 INFO  dcs.group8.client.RunClient 163 main - [+] Submitting Job_no: 72 from client_1 to gs@node306
16:37:21.299 INFO  dcs.group8.client.RunClient 167 main - [+]Response from gs@node306:JobMessage was received
16:37:21.301 INFO  dcs.group8.client.RunClient 163 main - [+] Submitting Job_no: 73 from client_1 to gs@node305
16:37:21.307 INFO  dcs.group8.client.RunClient 167 main - [+]Response from gs@node305:JobMessage was received
16:37:21.308 INFO  dcs.group8.client.RunClient 163 main - [+] Submitting Job_no: 74 from client_1 to gs@node306
16:37:21.314 INFO  dcs.group8.client.RunClient 167 main - [+]Response from gs@node306:JobMessage was received
16:37:21.316 INFO  dcs.group8.client.RunClient 163 main - [+] Submitting Job_no: 75 from client_1 to gs@node305
16:37:21.321 INFO  dcs.group8.client.RunClient 167 main - [+]Response from gs@node305:JobMessage was received
16:37:21.323 INFO  dcs.group8.client.RunClient 163 main - [+] Submitting Job_no: 76 from client_1 to gs@node306
16:37:21.328 INFO  dcs.group8.client.RunClient 167 main - [+]Response from gs@node306:JobMessage was received
16:37:21.330 INFO  dcs.group8.client.RunClient 163 main - [+] Submitting Job_no: 77 from client_1 to gs@node305
16:37:21.335 INFO  dcs.group8.client.RunClient 167 main - [+]Response from gs@node305:JobMessage was received
16:37:21.337 INFO  dcs.group8.client.RunClient 163 main - [+] Submitting Job_no: 78 from client_1 to gs@node306
16:37:21.343 INFO  dcs.group8.client.RunClient 167 main - [+]Response from gs@node306:JobMessage was received
16:37:21.344 INFO  dcs.group8.client.RunClient 163 main - [+] Submitting Job_no: 79 from client_1 to gs@node305
16:37:21.350 INFO  dcs.group8.client.RunClient 167 main - [+]Response from gs@node305:JobMessage was received
16:37:21.352 INFO  dcs.group8.client.RunClient 163 main - [+] Submitting Job_no: 80 from client_1 to gs@node306
16:37:21.357 INFO  dcs.group8.client.RunClient 167 main - [+]Response from gs@node306:JobMessage was received
16:37:22.824 INFO  dcs.group8.client.RunClient 56 gsToClientMessage - My job with id: 4 was succesfully completed by cluster@: e576adf6-9850-4a2f-9b65-6bc5412721e9
16:37:22.899 INFO  dcs.group8.client.RunClient 56 gsToClientMessage - My job with id: 12 was succesfully completed by cluster@: e576adf6-9850-4a2f-9b65-6bc5412721e9
16:37:22.905 INFO  dcs.group8.client.RunClient 56 gsToClientMessage - My job with id: 9 was succesfully completed by cluster@: e0798ef1-6691-4f57-b5e6-6179d80bbf54
16:37:22.913 INFO  dcs.group8.client.RunClient 56 gsToClientMessage - My job with id: 2 was succesfully completed by cluster@: d3828ee3-d7a2-43b0-8f17-6c242090c295
16:37:23.000 INFO  dcs.group8.client.RunClient 56 gsToClientMessage - My job with id: 1 was succesfully completed by cluster@: e0798ef1-6691-4f57-b5e6-6179d80bbf54
16:37:23.040 INFO  dcs.group8.client.RunClient 56 gsToClientMessage - My job with id: 10 was succesfully completed by cluster@: d3828ee3-d7a2-43b0-8f17-6c242090c295
16:37:23.150 INFO  dcs.group8.client.RunClient 56 gsToClientMessage - My job with id: 32 was succesfully completed by cluster@: e576adf6-9850-4a2f-9b65-6bc5412721e9
16:37:23.173 INFO  dcs.group8.client.RunClient 56 gsToClientMessage - My job with id: 33 was succesfully completed by cluster@: e0798ef1-6691-4f57-b5e6-6179d80bbf54
16:37:23.183 INFO  dcs.group8.client.RunClient 56 gsToClientMessage - My job with id: 26 was succesfully completed by cluster@: d3828ee3-d7a2-43b0-8f17-6c242090c295
16:37:23.187 INFO  dcs.group8.client.RunClient 56 gsToClientMessage - My job with id: 17 was succesfully completed by cluster@: e0798ef1-6691-4f57-b5e6-6179d80bbf54
16:37:23.332 INFO  dcs.group8.client.RunClient 56 gsToClientMessage - My job with id: 20 was succesfully completed by cluster@: e576adf6-9850-4a2f-9b65-6bc5412721e9
16:37:23.337 INFO  dcs.group8.client.RunClient 56 gsToClientMessage - My job with id: 14 was succesfully completed by cluster@: d3828ee3-d7a2-43b0-8f17-6c242090c295
16:37:23.353 INFO  dcs.group8.client.RunClient 56 gsToClientMessage - My job with id: 21 was succesfully completed by cluster@: e0798ef1-6691-4f57-b5e6-6179d80bbf54
16:37:23.368 INFO  dcs.group8.client.RunClient 56 gsToClientMessage - My job with id: 37 was succesfully completed by cluster@: e0798ef1-6691-4f57-b5e6-6179d80bbf54
16:37:23.411 INFO  dcs.group8.client.RunClient 56 gsToClientMessage - My job with id: 16 was succesfully completed by cluster@: e576adf6-9850-4a2f-9b65-6bc5412721e9
16:37:23.473 INFO  dcs.group8.client.RunClient 56 gsToClientMessage - My job with id: 24 was succesfully completed by cluster@: e576adf6-9850-4a2f-9b65-6bc5412721e9
16:37:23.476 INFO  dcs.group8.client.RunClient 56 gsToClientMessage - My job with id: 13 was succesfully completed by cluster@: e0798ef1-6691-4f57-b5e6-6179d80bbf54
16:37:23.504 INFO  dcs.group8.client.RunClient 56 gsToClientMessage - My job with id: 6 was succesfully completed by cluster@: d3828ee3-d7a2-43b0-8f17-6c242090c295
16:37:23.515 INFO  dcs.group8.client.RunClient 56 gsToClientMessage - My job with id: 34 was succesfully completed by cluster@: d3828ee3-d7a2-43b0-8f17-6c242090c295
16:37:23.525 INFO  dcs.group8.client.RunClient 56 gsToClientMessage - My job with id: 36 was succesfully completed by cluster@: e576adf6-9850-4a2f-9b65-6bc5412721e9
16:37:23.578 INFO  dcs.group8.client.RunClient 56 gsToClientMessage - My job with id: 40 was succesfully completed by cluster@: e576adf6-9850-4a2f-9b65-6bc5412721e9
16:37:23.585 INFO  dcs.group8.client.RunClient 56 gsToClientMessage - My job with id: 5 was succesfully completed by cluster@: e0798ef1-6691-4f57-b5e6-6179d80bbf54
16:37:23.630 INFO  dcs.group8.client.RunClient 56 gsToClientMessage - My job with id: 28 was succesfully completed by cluster@: e576adf6-9850-4a2f-9b65-6bc5412721e9
16:37:23.641 INFO  dcs.group8.client.RunClient 56 gsToClientMessage - My job with id: 22 was succesfully completed by cluster@: d3828ee3-d7a2-43b0-8f17-6c242090c295
16:37:23.645 INFO  dcs.group8.client.RunClient 56 gsToClientMessage - My job with id: 38 was succesfully completed by cluster@: d3828ee3-d7a2-43b0-8f17-6c242090c295
16:37:23.721 INFO  dcs.group8.client.RunClient 56 gsToClientMessage - My job with id: 8 was succesfully completed by cluster@: e576adf6-9850-4a2f-9b65-6bc5412721e9
16:37:23.817 INFO  dcs.group8.client.RunClient 56 gsToClientMessage - My job with id: 25 was succesfully completed by cluster@: e0798ef1-6691-4f57-b5e6-6179d80bbf54
16:37:23.835 INFO  dcs.group8.client.RunClient 56 gsToClientMessage - My job with id: 18 was succesfully completed by cluster@: d3828ee3-d7a2-43b0-8f17-6c242090c295
16:37:23.863 INFO  dcs.group8.client.RunClient 56 gsToClientMessage - My job with id: 29 was succesfully completed by cluster@: e0798ef1-6691-4f57-b5e6-6179d80bbf54
16:37:23.878 INFO  dcs.group8.client.RunClient 56 gsToClientMessage - My job with id: 30 was succesfully completed by cluster@: d3828ee3-d7a2-43b0-8f17-6c242090c295
16:37:41.360 INFO  dcs.group8.client.RunClient 163 main - [+] Submitting Job_no: 81 from client_1 to gs@node305
16:37:41.365 INFO  dcs.group8.client.RunClient 167 main - [+]Response from gs@node305:JobMessage was received
16:37:41.367 INFO  dcs.group8.client.RunClient 163 main - [+] Submitting Job_no: 82 from client_1 to gs@node306
16:37:41.374 INFO  dcs.group8.client.RunClient 167 main - [+]Response from gs@node306:JobMessage was received forwarding it to a resource manager
16:37:41.376 INFO  dcs.group8.client.RunClient 163 main - [+] Submitting Job_no: 83 from client_1 to gs@node305
16:37:41.381 INFO  dcs.group8.client.RunClient 167 main - [+]Response from gs@node305:JobMessage was received
16:37:41.383 INFO  dcs.group8.client.RunClient 163 main - [+] Submitting Job_no: 84 from client_1 to gs@node306
16:37:41.389 INFO  dcs.group8.client.RunClient 167 main - [+]Response from gs@node306:JobMessage was received forwarding it to a resource manager
16:37:41.391 INFO  dcs.group8.client.RunClient 163 main - [+] Submitting Job_no: 85 from client_1 to gs@node305
16:37:41.397 INFO  dcs.group8.client.RunClient 167 main - [+]Response from gs@node305:JobMessage was received
16:37:41.398 INFO  dcs.group8.client.RunClient 163 main - [+] Submitting Job_no: 86 from client_1 to gs@node306
16:37:41.405 INFO  dcs.group8.client.RunClient 167 main - [+]Response from gs@node306:JobMessage was received forwarding it to a resource manager
16:37:41.407 INFO  dcs.group8.client.RunClient 163 main - [+] Submitting Job_no: 87 from client_1 to gs@node305
16:37:41.412 INFO  dcs.group8.client.RunClient 167 main - [+]Response from gs@node305:JobMessage was received
16:37:41.414 INFO  dcs.group8.client.RunClient 163 main - [+] Submitting Job_no: 88 from client_1 to gs@node306
16:37:41.419 INFO  dcs.group8.client.RunClient 167 main - [+]Response from gs@node306:JobMessage was received forwarding it to a resource manager
16:37:41.421 INFO  dcs.group8.client.RunClient 163 main - [+] Submitting Job_no: 89 from client_1 to gs@node305
16:37:41.426 INFO  dcs.group8.client.RunClient 167 main - [+]Response from gs@node305:JobMessage was received
16:37:41.428 INFO  dcs.group8.client.RunClient 163 main - [+] Submitting Job_no: 90 from client_1 to gs@node306
16:37:41.434 INFO  dcs.group8.client.RunClient 167 main - [+]Response from gs@node306:JobMessage was received forwarding it to a resource manager
16:37:41.436 INFO  dcs.group8.client.RunClient 163 main - [+] Submitting Job_no: 91 from client_1 to gs@node305
16:37:41.441 INFO  dcs.group8.client.RunClient 167 main - [+]Response from gs@node305:JobMessage was received
16:37:41.443 INFO  dcs.group8.client.RunClient 163 main - [+] Submitting Job_no: 92 from client_1 to gs@node306
16:37:41.448 INFO  dcs.group8.client.RunClient 167 main - [+]Response from gs@node306:JobMessage was received forwarding it to a resource manager
16:37:41.450 INFO  dcs.group8.client.RunClient 163 main - [+] Submitting Job_no: 93 from client_1 to gs@node305
16:37:41.456 INFO  dcs.group8.client.RunClient 167 main - [+]Response from gs@node305:JobMessage was received
16:37:41.457 INFO  dcs.group8.client.RunClient 163 main - [+] Submitting Job_no: 94 from client_1 to gs@node306
16:37:41.463 INFO  dcs.group8.client.RunClient 167 main - [+]Response from gs@node306:JobMessage was received forwarding it to a resource manager
16:37:41.465 INFO  dcs.group8.client.RunClient 163 main - [+] Submitting Job_no: 95 from client_1 to gs@node305
16:37:41.470 INFO  dcs.group8.client.RunClient 167 main - [+]Response from gs@node305:JobMessage was received
16:37:41.472 INFO  dcs.group8.client.RunClient 163 main - [+] Submitting Job_no: 96 from client_1 to gs@node306
16:37:41.478 INFO  dcs.group8.client.RunClient 167 main - [+]Response from gs@node306:JobMessage was received forwarding it to a resource manager
16:37:41.479 INFO  dcs.group8.client.RunClient 163 main - [+] Submitting Job_no: 97 from client_1 to gs@node305
16:37:41.484 INFO  dcs.group8.client.RunClient 167 main - [+]Response from gs@node305:JobMessage was received
16:37:41.486 INFO  dcs.group8.client.RunClient 163 main - [+] Submitting Job_no: 98 from client_1 to gs@node306
16:37:41.492 INFO  dcs.group8.client.RunClient 167 main - [+]Response from gs@node306:JobMessage was received forwarding it to a resource manager
16:37:41.494 INFO  dcs.group8.client.RunClient 163 main - [+] Submitting Job_no: 99 from client_1 to gs@node305
16:37:41.499 INFO  dcs.group8.client.RunClient 167 main - [+]Response from gs@node305:JobMessage was received
16:37:41.501 INFO  dcs.group8.client.RunClient 163 main - [+] Submitting Job_no: 100 from client_1 to gs@node306
16:37:41.506 INFO  dcs.group8.client.RunClient 167 main - [+]Response from gs@node306:JobMessage was received forwarding it to a resource manager
16:37:41.508 INFO  dcs.group8.client.RunClient 163 main - [+] Submitting Job_no: 101 from client_1 to gs@node305
16:37:41.513 INFO  dcs.group8.client.RunClient 167 main - [+]Response from gs@node305:JobMessage was received
16:37:41.515 INFO  dcs.group8.client.RunClient 163 main - [+] Submitting Job_no: 102 from client_1 to gs@node306
16:37:41.521 INFO  dcs.group8.client.RunClient 167 main - [+]Response from gs@node306:JobMessage was received forwarding it to a resource manager
16:37:41.522 INFO  dcs.group8.client.RunClient 163 main - [+] Submitting Job_no: 103 from client_1 to gs@node305
16:37:41.528 INFO  dcs.group8.client.RunClient 167 main - [+]Response from gs@node305:JobMessage was received
16:37:41.529 INFO  dcs.group8.client.RunClient 163 main - [+] Submitting Job_no: 104 from client_1 to gs@node306
16:37:41.535 INFO  dcs.group8.client.RunClient 167 main - [+]Response from gs@node306:JobMessage was received
16:37:41.536 INFO  dcs.group8.client.RunClient 163 main - [+] Submitting Job_no: 105 from client_1 to gs@node305
16:37:41.542 INFO  dcs.group8.client.RunClient 167 main - [+]Response from gs@node305:JobMessage was received
16:37:41.544 INFO  dcs.group8.client.RunClient 163 main - [+] Submitting Job_no: 106 from client_1 to gs@node306
16:37:41.549 INFO  dcs.group8.client.RunClient 167 main - [+]Response from gs@node306:JobMessage was received
16:37:41.551 INFO  dcs.group8.client.RunClient 163 main - [+] Submitting Job_no: 107 from client_1 to gs@node305
16:37:41.556 INFO  dcs.group8.client.RunClient 167 main - [+]Response from gs@node305:JobMessage was received
16:37:41.558 INFO  dcs.group8.client.RunClient 163 main - [+] Submitting Job_no: 108 from client_1 to gs@node306
16:37:41.563 INFO  dcs.group8.client.RunClient 167 main - [+]Response from gs@node306:JobMessage was received
16:37:41.565 INFO  dcs.group8.client.RunClient 163 main - [+] Submitting Job_no: 109 from client_1 to gs@node305
16:37:41.570 INFO  dcs.group8.client.RunClient 167 main - [+]Response from gs@node305:JobMessage was received
16:37:41.572 INFO  dcs.group8.client.RunClient 163 main - [+] Submitting Job_no: 110 from client_1 to gs@node306
16:37:41.577 INFO  dcs.group8.client.RunClient 167 main - [+]Response from gs@node306:JobMessage was received
16:37:41.579 INFO  dcs.group8.client.RunClient 163 main - [+] Submitting Job_no: 111 from client_1 to gs@node305
16:37:41.584 INFO  dcs.group8.client.RunClient 167 main - [+]Response from gs@node305:JobMessage was received
16:37:41.585 INFO  dcs.group8.client.RunClient 163 main - [+] Submitting Job_no: 112 from client_1 to gs@node306
16:37:41.590 INFO  dcs.group8.client.RunClient 167 main - [+]Response from gs@node306:JobMessage was received
16:37:41.592 INFO  dcs.group8.client.RunClient 163 main - [+] Submitting Job_no: 113 from client_1 to gs@node305
16:37:41.597 INFO  dcs.group8.client.RunClient 167 main - [+]Response from gs@node305:JobMessage was received
16:37:41.599 INFO  dcs.group8.client.RunClient 163 main - [+] Submitting Job_no: 114 from client_1 to gs@node306
16:37:41.604 INFO  dcs.group8.client.RunClient 167 main - [+]Response from gs@node306:JobMessage was received
16:37:41.606 INFO  dcs.group8.client.RunClient 163 main - [+] Submitting Job_no: 115 from client_1 to gs@node305
16:37:41.612 INFO  dcs.group8.client.RunClient 167 main - [+]Response from gs@node305:JobMessage was received
16:37:41.613 INFO  dcs.group8.client.RunClient 163 main - [+] Submitting Job_no: 116 from client_1 to gs@node306
16:37:41.618 INFO  dcs.group8.client.RunClient 167 main - [+]Response from gs@node306:JobMessage was received
16:37:41.620 INFO  dcs.group8.client.RunClient 163 main - [+] Submitting Job_no: 117 from client_1 to gs@node305
16:37:41.626 INFO  dcs.group8.client.RunClient 167 main - [+]Response from gs@node305:JobMessage was received
16:37:41.627 INFO  dcs.group8.client.RunClient 163 main - [+] Submitting Job_no: 118 from client_1 to gs@node306
16:37:41.632 INFO  dcs.group8.client.RunClient 167 main - [+]Response from gs@node306:JobMessage was received
16:37:41.634 INFO  dcs.group8.client.RunClient 163 main - [+] Submitting Job_no: 119 from client_1 to gs@node305
16:37:41.639 INFO  dcs.group8.client.RunClient 167 main - [+]Response from gs@node305:JobMessage was received
16:37:41.641 INFO  dcs.group8.client.RunClient 163 main - [+] Submitting Job_no: 120 from client_1 to gs@node306
16:37:41.646 INFO  dcs.group8.client.RunClient 167 main - [+]Response from gs@node306:JobMessage was received
16:37:46.551 INFO  dcs.group8.client.RunClient 56 gsToClientMessage - My job with id: 31 was succesfully completed by cluster@: e0798ef1-6691-4f57-b5e6-6179d80bbf54
16:37:47.210 INFO  dcs.group8.client.RunClient 56 gsToClientMessage - My job with id: 7 was succesfully completed by cluster@: d3828ee3-d7a2-43b0-8f17-6c242090c295
16:37:47.421 INFO  dcs.group8.client.RunClient 56 gsToClientMessage - My job with id: 44 was succesfully completed by cluster@: e0798ef1-6691-4f57-b5e6-6179d80bbf54
16:37:48.483 INFO  dcs.group8.client.RunClient 56 gsToClientMessage - My job with id: 35 was succesfully completed by cluster@: e0798ef1-6691-4f57-b5e6-6179d80bbf54
16:37:48.766 INFO  dcs.group8.client.RunClient 56 gsToClientMessage - My job with id: 46 was succesfully completed by cluster@: e0798ef1-6691-4f57-b5e6-6179d80bbf54
16:37:49.291 INFO  dcs.group8.client.RunClient 56 gsToClientMessage - My job with id: 19 was succesfully completed by cluster@: e576adf6-9850-4a2f-9b65-6bc5412721e9
16:37:50.758 INFO  dcs.group8.client.RunClient 56 gsToClientMessage - My job with id: 39 was succesfully completed by cluster@: e0798ef1-6691-4f57-b5e6-6179d80bbf54
16:37:50.868 INFO  dcs.group8.client.RunClient 56 gsToClientMessage - My job with id: 3 was succesfully completed by cluster@: d3828ee3-d7a2-43b0-8f17-6c242090c295
16:37:51.321 INFO  dcs.group8.client.RunClient 56 gsToClientMessage - My job with id: 48 was succesfully completed by cluster@: e0798ef1-6691-4f57-b5e6-6179d80bbf54
16:37:52.954 INFO  dcs.group8.client.RunClient 56 gsToClientMessage - My job with id: 23 was succesfully completed by cluster@: e576adf6-9850-4a2f-9b65-6bc5412721e9
16:37:53.336 INFO  dcs.group8.client.RunClient 56 gsToClientMessage - My job with id: 50 was succesfully completed by cluster@: e0798ef1-6691-4f57-b5e6-6179d80bbf54
16:37:54.916 INFO  dcs.group8.client.RunClient 56 gsToClientMessage - My job with id: 11 was succesfully completed by cluster@: d3828ee3-d7a2-43b0-8f17-6c242090c295
16:37:55.022 INFO  dcs.group8.client.RunClient 56 gsToClientMessage - My job with id: 52 was succesfully completed by cluster@: e0798ef1-6691-4f57-b5e6-6179d80bbf54
16:37:57.282 INFO  dcs.group8.client.RunClient 56 gsToClientMessage - My job with id: 54 was succesfully completed by cluster@: e0798ef1-6691-4f57-b5e6-6179d80bbf54
16:37:57.542 INFO  dcs.group8.client.RunClient 56 gsToClientMessage - My job with id: 41 was succesfully completed by cluster@: e576adf6-9850-4a2f-9b65-6bc5412721e9
16:37:59.062 INFO  dcs.group8.client.RunClient 56 gsToClientMessage - My job with id: 56 was succesfully completed by cluster@: e0798ef1-6691-4f57-b5e6-6179d80bbf54
16:37:59.568 INFO  dcs.group8.client.RunClient 56 gsToClientMessage - My job with id: 43 was succesfully completed by cluster@: d3828ee3-d7a2-43b0-8f17-6c242090c295
16:38:01.227 INFO  dcs.group8.client.RunClient 56 gsToClientMessage - My job with id: 45 was succesfully completed by cluster@: e576adf6-9850-4a2f-9b65-6bc5412721e9
16:38:01.650 INFO  dcs.group8.client.RunClient 163 main - [+] Submitting Job_no: 121 from client_1 to gs@node305
16:38:01.656 INFO  dcs.group8.client.RunClient 167 main - [+]Response from gs@node305:JobMessage was received forwarding it to a resource manager
16:38:01.829 INFO  dcs.group8.client.RunClient 163 main - [+] Submitting Job_no: 122 from client_1 to gs@node306
16:38:01.836 INFO  dcs.group8.client.RunClient 167 main - [+]Response from gs@node306:JobMessage was received forwarding it to a resource manager
16:38:01.838 INFO  dcs.group8.client.RunClient 163 main - [+] Submitting Job_no: 123 from client_1 to gs@node305
16:38:01.843 INFO  dcs.group8.client.RunClient 167 main - [+]Response from gs@node305:JobMessage was received forwarding it to a resource manager
16:38:01.845 INFO  dcs.group8.client.RunClient 163 main - [+] Submitting Job_no: 124 from client_1 to gs@node306
16:38:01.850 INFO  dcs.group8.client.RunClient 167 main - [+]Response from gs@node306:JobMessage was received
16:38:01.852 INFO  dcs.group8.client.RunClient 163 main - [+] Submitting Job_no: 125 from client_1 to gs@node305
16:38:01.857 INFO  dcs.group8.client.RunClient 167 main - [+]Response from gs@node305:JobMessage was received
16:38:01.859 INFO  dcs.group8.client.RunClient 163 main - [+] Submitting Job_no: 126 from client_1 to gs@node306
16:38:01.864 INFO  dcs.group8.client.RunClient 167 main - [+]Response from gs@node306:JobMessage was received
16:38:01.866 INFO  dcs.group8.client.RunClient 163 main - [+] Submitting Job_no: 127 from client_1 to gs@node305
16:38:01.871 INFO  dcs.group8.client.RunClient 167 main - [+]Response from gs@node305:JobMessage was received
16:38:01.873 INFO  dcs.group8.client.RunClient 163 main - [+] Submitting Job_no: 128 from client_1 to gs@node306
16:38:01.878 INFO  dcs.group8.client.RunClient 167 main - [+]Response from gs@node306:JobMessage was received
16:38:01.880 INFO  dcs.group8.client.RunClient 163 main - [+] Submitting Job_no: 129 from client_1 to gs@node305
16:38:01.885 INFO  dcs.group8.client.RunClient 167 main - [+]Response from gs@node305:JobMessage was received
16:38:01.887 INFO  dcs.group8.client.RunClient 163 main - [+] Submitting Job_no: 130 from client_1 to gs@node306
16:38:01.892 INFO  dcs.group8.client.RunClient 167 main - [+]Response from gs@node306:JobMessage was received
16:38:01.894 INFO  dcs.group8.client.RunClient 163 main - [+] Submitting Job_no: 131 from client_1 to gs@node305
16:38:01.899 INFO  dcs.group8.client.RunClient 167 main - [+]Response from gs@node305:JobMessage was received
16:38:01.901 INFO  dcs.group8.client.RunClient 163 main - [+] Submitting Job_no: 132 from client_1 to gs@node306
16:38:01.906 INFO  dcs.group8.client.RunClient 167 main - [+]Response from gs@node306:JobMessage was received
16:38:01.908 INFO  dcs.group8.client.RunClient 163 main - [+] Submitting Job_no: 133 from client_1 to gs@node305
16:38:01.913 INFO  dcs.group8.client.RunClient 167 main - [+]Response from gs@node305:JobMessage was received
16:38:01.914 INFO  dcs.group8.client.RunClient 163 main - [+] Submitting Job_no: 134 from client_1 to gs@node306
16:38:01.919 INFO  dcs.group8.client.RunClient 167 main - [+]Response from gs@node306:JobMessage was received
16:38:01.921 INFO  dcs.group8.client.RunClient 163 main - [+] Submitting Job_no: 135 from client_1 to gs@node305
16:38:01.926 INFO  dcs.group8.client.RunClient 167 main - [+]Response from gs@node305:JobMessage was received
16:38:01.927 INFO  dcs.group8.client.RunClient 163 main - [+] Submitting Job_no: 136 from client_1 to gs@node306
16:38:01.932 INFO  dcs.group8.client.RunClient 167 main - [+]Response from gs@node306:JobMessage was received
16:38:01.934 INFO  dcs.group8.client.RunClient 163 main - [+] Submitting Job_no: 137 from client_1 to gs@node305
16:38:01.939 INFO  dcs.group8.client.RunClient 167 main - [+]Response from gs@node305:JobMessage was received
16:38:01.940 INFO  dcs.group8.client.RunClient 163 main - [+] Submitting Job_no: 138 from client_1 to gs@node306
16:38:01.945 INFO  dcs.group8.client.RunClient 167 main - [+]Response from gs@node306:JobMessage was received
16:38:01.947 INFO  dcs.group8.client.RunClient 163 main - [+] Submitting Job_no: 139 from client_1 to gs@node305
16:38:01.952 INFO  dcs.group8.client.RunClient 167 main - [+]Response from gs@node305:JobMessage was received
16:38:01.954 INFO  dcs.group8.client.RunClient 163 main - [+] Submitting Job_no: 140 from client_1 to gs@node306
16:38:01.959 INFO  dcs.group8.client.RunClient 167 main - [+]Response from gs@node306:JobMessage was received
16:38:01.961 INFO  dcs.group8.client.RunClient 163 main - [+] Submitting Job_no: 141 from client_1 to gs@node305
16:38:01.965 INFO  dcs.group8.client.RunClient 167 main - [+]Response from gs@node305:JobMessage was received
16:38:01.967 INFO  dcs.group8.client.RunClient 163 main - [+] Submitting Job_no: 142 from client_1 to gs@node306
16:38:01.972 INFO  dcs.group8.client.RunClient 167 main - [+]Response from gs@node306:JobMessage was received
16:38:01.974 INFO  dcs.group8.client.RunClient 163 main - [+] Submitting Job_no: 143 from client_1 to gs@node305
16:38:01.979 INFO  dcs.group8.client.RunClient 167 main - [+]Response from gs@node305:JobMessage was received
16:38:01.981 INFO  dcs.group8.client.RunClient 163 main - [+] Submitting Job_no: 144 from client_1 to gs@node306
16:38:01.986 INFO  dcs.group8.client.RunClient 167 main - [+]Response from gs@node306:JobMessage was received
16:38:01.988 INFO  dcs.group8.client.RunClient 163 main - [+] Submitting Job_no: 145 from client_1 to gs@node305
16:38:01.992 INFO  dcs.group8.client.RunClient 167 main - [+]Response from gs@node305:JobMessage was received
16:38:01.994 INFO  dcs.group8.client.RunClient 163 main - [+] Submitting Job_no: 146 from client_1 to gs@node306
16:38:02.000 INFO  dcs.group8.client.RunClient 167 main - [+]Response from gs@node306:JobMessage was received
16:38:02.001 INFO  dcs.group8.client.RunClient 163 main - [+] Submitting Job_no: 147 from client_1 to gs@node305
16:38:02.006 INFO  dcs.group8.client.RunClient 167 main - [+]Response from gs@node305:JobMessage was received
16:38:02.008 INFO  dcs.group8.client.RunClient 163 main - [+] Submitting Job_no: 148 from client_1 to gs@node306
16:38:02.013 INFO  dcs.group8.client.RunClient 167 main - [+]Response from gs@node306:JobMessage was received
16:38:02.015 INFO  dcs.group8.client.RunClient 163 main - [+] Submitting Job_no: 149 from client_1 to gs@node305
16:38:02.020 INFO  dcs.group8.client.RunClient 167 main - [+]Response from gs@node305:JobMessage was received
16:38:02.021 INFO  dcs.group8.client.RunClient 163 main - [+] Submitting Job_no: 150 from client_1 to gs@node306
16:38:02.027 INFO  dcs.group8.client.RunClient 167 main - [+]Response from gs@node306:JobMessage was received
16:38:02.028 INFO  dcs.group8.client.RunClient 163 main - [+] Submitting Job_no: 151 from client_1 to gs@node305
16:38:02.034 INFO  dcs.group8.client.RunClient 167 main - [+]Response from gs@node305:JobMessage was received
16:38:02.035 INFO  dcs.group8.client.RunClient 163 main - [+] Submitting Job_no: 152 from client_1 to gs@node306
16:38:02.040 INFO  dcs.group8.client.RunClient 167 main - [+]Response from gs@node306:JobMessage was received
16:38:02.042 INFO  dcs.group8.client.RunClient 163 main - [+] Submitting Job_no: 153 from client_1 to gs@node305
16:38:02.047 INFO  dcs.group8.client.RunClient 167 main - [+]Response from gs@node305:JobMessage was received
16:38:02.049 INFO  dcs.group8.client.RunClient 163 main - [+] Submitting Job_no: 154 from client_1 to gs@node306
16:38:02.054 INFO  dcs.group8.client.RunClient 167 main - [+]Response from gs@node306:JobMessage was received
16:38:02.056 INFO  dcs.group8.client.RunClient 163 main - [+] Submitting Job_no: 155 from client_1 to gs@node305
16:38:02.061 INFO  dcs.group8.client.RunClient 167 main - [+]Response from gs@node305:JobMessage was received
16:38:02.063 INFO  dcs.group8.client.RunClient 163 main - [+] Submitting Job_no: 156 from client_1 to gs@node306
16:38:02.068 INFO  dcs.group8.client.RunClient 167 main - [+]Response from gs@node306:JobMessage was received
16:38:02.070 INFO  dcs.group8.client.RunClient 163 main - [+] Submitting Job_no: 157 from client_1 to gs@node305
16:38:02.074 INFO  dcs.group8.client.RunClient 167 main - [+]Response from gs@node305:JobMessage was received
16:38:02.076 INFO  dcs.group8.client.RunClient 163 main - [+] Submitting Job_no: 158 from client_1 to gs@node306
16:38:02.081 INFO  dcs.group8.client.RunClient 167 main - [+]Response from gs@node306:JobMessage was received
16:38:02.083 INFO  dcs.group8.client.RunClient 163 main - [+] Submitting Job_no: 159 from client_1 to gs@node305
16:38:02.088 INFO  dcs.group8.client.RunClient 167 main - [+]Response from gs@node305:JobMessage was received
16:38:02.090 INFO  dcs.group8.client.RunClient 163 main - [+] Submitting Job_no: 160 from client_1 to gs@node306
16:38:02.095 INFO  dcs.group8.client.RunClient 167 main - [+]Response from gs@node306:JobMessage was received
16:38:03.012 INFO  dcs.group8.client.RunClient 56 gsToClientMessage - My job with id: 47 was succesfully completed by cluster@: d3828ee3-d7a2-43b0-8f17-6c242090c295
16:38:03.489 INFO  dcs.group8.client.RunClient 56 gsToClientMessage - My job with id: 88 was succesfully completed by cluster@: d3828ee3-d7a2-43b0-8f17-6c242090c295
16:38:03.645 INFO  dcs.group8.client.RunClient 56 gsToClientMessage - My job with id: 86 was succesfully completed by cluster@: e576adf6-9850-4a2f-9b65-6bc5412721e9
16:38:03.660 INFO  dcs.group8.client.RunClient 56 gsToClientMessage - My job with id: 96 was succesfully completed by cluster@: d3828ee3-d7a2-43b0-8f17-6c242090c295
16:38:03.705 INFO  dcs.group8.client.RunClient 56 gsToClientMessage - My job with id: 82 was succesfully completed by cluster@: e576adf6-9850-4a2f-9b65-6bc5412721e9
16:38:03.768 INFO  dcs.group8.client.RunClient 56 gsToClientMessage - My job with id: 84 was succesfully completed by cluster@: d3828ee3-d7a2-43b0-8f17-6c242090c295
16:38:03.830 INFO  dcs.group8.client.RunClient 56 gsToClientMessage - My job with id: 90 was succesfully completed by cluster@: e576adf6-9850-4a2f-9b65-6bc5412721e9
16:38:03.837 INFO  dcs.group8.client.RunClient 56 gsToClientMessage - My job with id: 94 was succesfully completed by cluster@: e576adf6-9850-4a2f-9b65-6bc5412721e9
16:38:03.915 INFO  dcs.group8.client.RunClient 56 gsToClientMessage - My job with id: 98 was succesfully completed by cluster@: e576adf6-9850-4a2f-9b65-6bc5412721e9
16:38:04.345 INFO  dcs.group8.client.RunClient 56 gsToClientMessage - My job with id: 100 was succesfully completed by cluster@: d3828ee3-d7a2-43b0-8f17-6c242090c295
16:38:04.357 INFO  dcs.group8.client.RunClient 56 gsToClientMessage - My job with id: 92 was succesfully completed by cluster@: d3828ee3-d7a2-43b0-8f17-6c242090c295
16:38:04.365 INFO  dcs.group8.client.RunClient 56 gsToClientMessage - My job with id: 102 was succesfully completed by cluster@: e576adf6-9850-4a2f-9b65-6bc5412721e9
16:38:08.893 INFO  dcs.group8.client.RunClient 56 gsToClientMessage - My job with id: 66 was succesfully completed by cluster@: e0798ef1-6691-4f57-b5e6-6179d80bbf54
16:38:10.923 INFO  dcs.group8.client.RunClient 56 gsToClientMessage - My job with id: 55 was succesfully completed by cluster@: d3828ee3-d7a2-43b0-8f17-6c242090c295
16:38:11.192 INFO  dcs.group8.client.RunClient 56 gsToClientMessage - My job with id: 68 was succesfully completed by cluster@: e0798ef1-6691-4f57-b5e6-6179d80bbf54
16:38:13.320 INFO  dcs.group8.client.RunClient 56 gsToClientMessage - My job with id: 70 was succesfully completed by cluster@: e0798ef1-6691-4f57-b5e6-6179d80bbf54
16:38:13.418 INFO  dcs.group8.client.RunClient 56 gsToClientMessage - My job with id: 57 was succesfully completed by cluster@: e576adf6-9850-4a2f-9b65-6bc5412721e9
16:38:15.014 INFO  dcs.group8.client.RunClient 56 gsToClientMessage - My job with id: 59 was succesfully completed by cluster@: d3828ee3-d7a2-43b0-8f17-6c242090c295
16:38:15.809 INFO  dcs.group8.client.RunClient 56 gsToClientMessage - My job with id: 72 was succesfully completed by cluster@: e0798ef1-6691-4f57-b5e6-6179d80bbf54
16:38:17.470 INFO  dcs.group8.client.RunClient 56 gsToClientMessage - My job with id: 74 was succesfully completed by cluster@: e0798ef1-6691-4f57-b5e6-6179d80bbf54
16:38:17.501 INFO  dcs.group8.client.RunClient 56 gsToClientMessage - My job with id: 61 was succesfully completed by cluster@: e576adf6-9850-4a2f-9b65-6bc5412721e9
16:38:19.173 INFO  dcs.group8.client.RunClient 56 gsToClientMessage - My job with id: 63 was succesfully completed by cluster@: d3828ee3-d7a2-43b0-8f17-6c242090c295
16:38:19.442 INFO  dcs.group8.client.RunClient 56 gsToClientMessage - My job with id: 76 was succesfully completed by cluster@: e0798ef1-6691-4f57-b5e6-6179d80bbf54
16:38:21.424 INFO  dcs.group8.client.RunClient 56 gsToClientMessage - My job with id: 78 was succesfully completed by cluster@: e0798ef1-6691-4f57-b5e6-6179d80bbf54
16:38:21.692 INFO  dcs.group8.client.RunClient 56 gsToClientMessage - My job with id: 65 was succesfully completed by cluster@: e576adf6-9850-4a2f-9b65-6bc5412721e9
16:38:23.025 INFO  dcs.group8.client.RunClient 56 gsToClientMessage - My job with id: 67 was succesfully completed by cluster@: d3828ee3-d7a2-43b0-8f17-6c242090c295
16:38:23.698 INFO  dcs.group8.client.RunClient 56 gsToClientMessage - My job with id: 80 was succesfully completed by cluster@: e0798ef1-6691-4f57-b5e6-6179d80bbf54
16:38:23.899 INFO  dcs.group8.client.RunClient 56 gsToClientMessage - My job with id: 123 was succesfully completed by cluster@: e0798ef1-6691-4f57-b5e6-6179d80bbf54
16:38:24.256 INFO  dcs.group8.client.RunClient 56 gsToClientMessage - My job with id: 122 was succesfully completed by cluster@: e576adf6-9850-4a2f-9b65-6bc5412721e9
16:38:24.411 INFO  dcs.group8.client.RunClient 56 gsToClientMessage - My job with id: 121 was succesfully completed by cluster@: e0798ef1-6691-4f57-b5e6-6179d80bbf54
16:38:26.905 INFO  dcs.group8.client.RunClient 56 gsToClientMessage - My job with id: 71 was succesfully completed by cluster@: d3828ee3-d7a2-43b0-8f17-6c242090c295
16:38:29.997 INFO  dcs.group8.client.RunClient 56 gsToClientMessage - My job with id: 73 was succesfully completed by cluster@: e576adf6-9850-4a2f-9b65-6bc5412721e9
16:38:31.418 INFO  dcs.group8.client.RunClient 56 gsToClientMessage - My job with id: 75 was succesfully completed by cluster@: d3828ee3-d7a2-43b0-8f17-6c242090c295
16:38:31.742 INFO  dcs.group8.client.RunClient 56 gsToClientMessage - My job with id: 110 was succesfully completed by cluster@: e0798ef1-6691-4f57-b5e6-6179d80bbf54
16:38:33.102 INFO  dcs.group8.client.RunClient 56 gsToClientMessage - My job with id: 77 was succesfully completed by cluster@: d3828ee3-d7a2-43b0-8f17-6c242090c295
16:38:35.830 INFO  dcs.group8.client.RunClient 56 gsToClientMessage - My job with id: 114 was succesfully completed by cluster@: e0798ef1-6691-4f57-b5e6-6179d80bbf54
16:38:37.478 INFO  dcs.group8.client.RunClient 56 gsToClientMessage - My job with id: 116 was succesfully completed by cluster@: e0798ef1-6691-4f57-b5e6-6179d80bbf54
16:38:38.072 INFO  dcs.group8.client.RunClient 56 gsToClientMessage - My job with id: 27 was succesfully completed by cluster@: d3828ee3-d7a2-43b0-8f17-6c242090c295
16:38:39.891 INFO  dcs.group8.client.RunClient 56 gsToClientMessage - My job with id: 118 was succesfully completed by cluster@: e0798ef1-6691-4f57-b5e6-6179d80bbf54
16:38:41.236 INFO  dcs.group8.client.RunClient 56 gsToClientMessage - My job with id: 120 was succesfully completed by cluster@: e0798ef1-6691-4f57-b5e6-6179d80bbf54
16:38:44.016 INFO  dcs.group8.client.RunClient 56 gsToClientMessage - My job with id: 58 was succesfully completed by cluster@: d3828ee3-d7a2-43b0-8f17-6c242090c295
16:38:44.098 INFO  dcs.group8.client.RunClient 56 gsToClientMessage - My job with id: 124 was succesfully completed by cluster@: e0798ef1-6691-4f57-b5e6-6179d80bbf54
16:38:45.457 INFO  dcs.group8.client.RunClient 56 gsToClientMessage - My job with id: 60 was succesfully completed by cluster@: d3828ee3-d7a2-43b0-8f17-6c242090c295
16:38:45.627 INFO  dcs.group8.client.RunClient 56 gsToClientMessage - My job with id: 126 was succesfully completed by cluster@: e0798ef1-6691-4f57-b5e6-6179d80bbf54
16:38:47.283 INFO  dcs.group8.client.RunClient 56 gsToClientMessage - My job with id: 128 was succesfully completed by cluster@: e0798ef1-6691-4f57-b5e6-6179d80bbf54
16:38:49.661 INFO  dcs.group8.client.RunClient 56 gsToClientMessage - My job with id: 130 was succesfully completed by cluster@: e0798ef1-6691-4f57-b5e6-6179d80bbf54
16:38:49.876 INFO  dcs.group8.client.RunClient 56 gsToClientMessage - My job with id: 83 was succesfully completed by cluster@: d3828ee3-d7a2-43b0-8f17-6c242090c295
16:38:51.369 INFO  dcs.group8.client.RunClient 56 gsToClientMessage - My job with id: 132 was succesfully completed by cluster@: e0798ef1-6691-4f57-b5e6-6179d80bbf54
16:38:55.769 INFO  dcs.group8.client.RunClient 56 gsToClientMessage - My job with id: 89 was succesfully completed by cluster@: d3828ee3-d7a2-43b0-8f17-6c242090c295
16:38:56.283 INFO  dcs.group8.client.RunClient 56 gsToClientMessage - My job with id: 136 was succesfully completed by cluster@: e0798ef1-6691-4f57-b5e6-6179d80bbf54
16:38:58.199 INFO  dcs.group8.client.RunClient 56 gsToClientMessage - My job with id: 91 was succesfully completed by cluster@: d3828ee3-d7a2-43b0-8f17-6c242090c295
16:39:00.124 INFO  dcs.group8.client.RunClient 56 gsToClientMessage - My job with id: 93 was succesfully completed by cluster@: d3828ee3-d7a2-43b0-8f17-6c242090c295
16:39:02.201 INFO  dcs.group8.client.RunClient 56 gsToClientMessage - My job with id: 95 was succesfully completed by cluster@: d3828ee3-d7a2-43b0-8f17-6c242090c295
16:39:02.222 INFO  dcs.group8.client.RunClient 56 gsToClientMessage - My job with id: 138 was succesfully completed by cluster@: e0798ef1-6691-4f57-b5e6-6179d80bbf54
16:39:02.468 INFO  dcs.group8.client.RunClient 56 gsToClientMessage - My job with id: 79 was succesfully completed by cluster@: d3828ee3-d7a2-43b0-8f17-6c242090c295
16:39:03.885 INFO  dcs.group8.client.RunClient 56 gsToClientMessage - My job with id: 15 was succesfully completed by cluster@: d3828ee3-d7a2-43b0-8f17-6c242090c295
16:39:03.988 INFO  dcs.group8.client.RunClient 56 gsToClientMessage - My job with id: 140 was succesfully completed by cluster@: e0798ef1-6691-4f57-b5e6-6179d80bbf54
16:39:04.062 INFO  dcs.group8.client.RunClient 56 gsToClientMessage - My job with id: 97 was succesfully completed by cluster@: d3828ee3-d7a2-43b0-8f17-6c242090c295
16:39:06.273 INFO  dcs.group8.client.RunClient 56 gsToClientMessage - My job with id: 142 was succesfully completed by cluster@: e0798ef1-6691-4f57-b5e6-6179d80bbf54
16:39:08.108 INFO  dcs.group8.client.RunClient 56 gsToClientMessage - My job with id: 144 was succesfully completed by cluster@: e0798ef1-6691-4f57-b5e6-6179d80bbf54
16:39:08.136 INFO  dcs.group8.client.RunClient 56 gsToClientMessage - My job with id: 81 was succesfully completed by cluster@: d3828ee3-d7a2-43b0-8f17-6c242090c295
16:39:08.343 INFO  dcs.group8.client.RunClient 56 gsToClientMessage - My job with id: 101 was succesfully completed by cluster@: d3828ee3-d7a2-43b0-8f17-6c242090c295
16:39:10.423 INFO  dcs.group8.client.RunClient 56 gsToClientMessage - My job with id: 146 was succesfully completed by cluster@: e0798ef1-6691-4f57-b5e6-6179d80bbf54
16:39:12.044 INFO  dcs.group8.client.RunClient 56 gsToClientMessage - My job with id: 148 was succesfully completed by cluster@: e0798ef1-6691-4f57-b5e6-6179d80bbf54
16:39:13.800 INFO  dcs.group8.client.RunClient 56 gsToClientMessage - My job with id: 150 was succesfully completed by cluster@: e0798ef1-6691-4f57-b5e6-6179d80bbf54
16:39:13.863 INFO  dcs.group8.client.RunClient 56 gsToClientMessage - My job with id: 107 was succesfully completed by cluster@: d3828ee3-d7a2-43b0-8f17-6c242090c295
16:39:15.946 INFO  dcs.group8.client.RunClient 56 gsToClientMessage - My job with id: 152 was succesfully completed by cluster@: e0798ef1-6691-4f57-b5e6-6179d80bbf54
16:39:18.405 INFO  dcs.group8.client.RunClient 56 gsToClientMessage - My job with id: 154 was succesfully completed by cluster@: e0798ef1-6691-4f57-b5e6-6179d80bbf54
16:39:19.616 INFO  dcs.group8.client.RunClient 56 gsToClientMessage - My job with id: 113 was succesfully completed by cluster@: d3828ee3-d7a2-43b0-8f17-6c242090c295
16:39:20.529 INFO  dcs.group8.client.RunClient 56 gsToClientMessage - My job with id: 156 was succesfully completed by cluster@: e0798ef1-6691-4f57-b5e6-6179d80bbf54
16:39:22.307 INFO  dcs.group8.client.RunClient 56 gsToClientMessage - My job with id: 115 was succesfully completed by cluster@: d3828ee3-d7a2-43b0-8f17-6c242090c295
16:39:24.440 INFO  dcs.group8.client.RunClient 56 gsToClientMessage - My job with id: 117 was succesfully completed by cluster@: d3828ee3-d7a2-43b0-8f17-6c242090c295
16:39:25.957 INFO  dcs.group8.client.RunClient 56 gsToClientMessage - My job with id: 119 was succesfully completed by cluster@: d3828ee3-d7a2-43b0-8f17-6c242090c295
16:39:26.628 INFO  dcs.group8.client.RunClient 56 gsToClientMessage - My job with id: 99 was succesfully completed by cluster@: e0798ef1-6691-4f57-b5e6-6179d80bbf54
16:39:27.905 INFO  dcs.group8.client.RunClient 56 gsToClientMessage - My job with id: 49 was succesfully completed by cluster@: d3828ee3-d7a2-43b0-8f17-6c242090c295
16:39:28.687 INFO  dcs.group8.client.RunClient 56 gsToClientMessage - My job with id: 42 was succesfully completed by cluster@: e0798ef1-6691-4f57-b5e6-6179d80bbf54
16:39:29.947 INFO  dcs.group8.client.RunClient 56 gsToClientMessage - My job with id: 62 was succesfully completed by cluster@: d3828ee3-d7a2-43b0-8f17-6c242090c295
16:39:30.695 INFO  dcs.group8.client.RunClient 56 gsToClientMessage - My job with id: 103 was succesfully completed by cluster@: e0798ef1-6691-4f57-b5e6-6179d80bbf54
16:39:31.660 INFO  dcs.group8.client.RunClient 56 gsToClientMessage - My job with id: 51 was succesfully completed by cluster@: d3828ee3-d7a2-43b0-8f17-6c242090c295
16:39:33.033 INFO  dcs.group8.client.RunClient 56 gsToClientMessage - My job with id: 85 was succesfully completed by cluster@: e0798ef1-6691-4f57-b5e6-6179d80bbf54
16:39:33.763 INFO  dcs.group8.client.RunClient 56 gsToClientMessage - My job with id: 64 was succesfully completed by cluster@: d3828ee3-d7a2-43b0-8f17-6c242090c295
16:39:34.747 INFO  dcs.group8.client.RunClient 56 gsToClientMessage - My job with id: 105 was succesfully completed by cluster@: e0798ef1-6691-4f57-b5e6-6179d80bbf54
16:39:36.456 INFO  dcs.group8.client.RunClient 56 gsToClientMessage - My job with id: 53 was succesfully completed by cluster@: d3828ee3-d7a2-43b0-8f17-6c242090c295
16:39:37.073 INFO  dcs.group8.client.RunClient 56 gsToClientMessage - My job with id: 87 was succesfully completed by cluster@: e0798ef1-6691-4f57-b5e6-6179d80bbf54
16:39:38.075 INFO  dcs.group8.client.RunClient 56 gsToClientMessage - My job with id: 125 was succesfully completed by cluster@: d3828ee3-d7a2-43b0-8f17-6c242090c295
16:39:38.959 INFO  dcs.group8.client.RunClient 56 gsToClientMessage - My job with id: 109 was succesfully completed by cluster@: e0798ef1-6691-4f57-b5e6-6179d80bbf54
16:39:40.763 INFO  dcs.group8.client.RunClient 56 gsToClientMessage - My job with id: 111 was succesfully completed by cluster@: e0798ef1-6691-4f57-b5e6-6179d80bbf54
16:39:42.552 INFO  dcs.group8.client.RunClient 56 gsToClientMessage - My job with id: 129 was succesfully completed by cluster@: d3828ee3-d7a2-43b0-8f17-6c242090c295
16:39:43.144 INFO  dcs.group8.client.RunClient 56 gsToClientMessage - My job with id: 127 was succesfully completed by cluster@: e0798ef1-6691-4f57-b5e6-6179d80bbf54
16:39:45.072 INFO  dcs.group8.client.RunClient 56 gsToClientMessage - My job with id: 131 was succesfully completed by cluster@: e0798ef1-6691-4f57-b5e6-6179d80bbf54
16:39:46.591 INFO  dcs.group8.client.RunClient 56 gsToClientMessage - My job with id: 133 was succesfully completed by cluster@: d3828ee3-d7a2-43b0-8f17-6c242090c295
16:39:47.855 INFO  dcs.group8.client.RunClient 56 gsToClientMessage - My job with id: 135 was succesfully completed by cluster@: d3828ee3-d7a2-43b0-8f17-6c242090c295
16:39:50.529 INFO  dcs.group8.client.RunClient 56 gsToClientMessage - My job with id: 137 was succesfully completed by cluster@: d3828ee3-d7a2-43b0-8f17-6c242090c295
16:39:52.575 INFO  dcs.group8.client.RunClient 56 gsToClientMessage - My job with id: 139 was succesfully completed by cluster@: d3828ee3-d7a2-43b0-8f17-6c242090c295
16:39:54.515 INFO  dcs.group8.client.RunClient 56 gsToClientMessage - My job with id: 141 was succesfully completed by cluster@: d3828ee3-d7a2-43b0-8f17-6c242090c295
16:39:55.797 INFO  dcs.group8.client.RunClient 56 gsToClientMessage - My job with id: 143 was succesfully completed by cluster@: d3828ee3-d7a2-43b0-8f17-6c242090c295
16:39:57.845 INFO  dcs.group8.client.RunClient 56 gsToClientMessage - My job with id: 145 was succesfully completed by cluster@: d3828ee3-d7a2-43b0-8f17-6c242090c295
16:40:00.642 INFO  dcs.group8.client.RunClient 56 gsToClientMessage - My job with id: 147 was succesfully completed by cluster@: d3828ee3-d7a2-43b0-8f17-6c242090c295
16:40:01.971 INFO  dcs.group8.client.RunClient 56 gsToClientMessage - My job with id: 149 was succesfully completed by cluster@: d3828ee3-d7a2-43b0-8f17-6c242090c295
16:40:05.161 INFO  dcs.group8.client.RunClient 56 gsToClientMessage - My job with id: 151 was succesfully completed by cluster@: e0798ef1-6691-4f57-b5e6-6179d80bbf54
16:40:06.038 INFO  dcs.group8.client.RunClient 56 gsToClientMessage - My job with id: 153 was succesfully completed by cluster@: d3828ee3-d7a2-43b0-8f17-6c242090c295
16:40:09.119 INFO  dcs.group8.client.RunClient 56 gsToClientMessage - My job with id: 155 was succesfully completed by cluster@: e0798ef1-6691-4f57-b5e6-6179d80bbf54
16:40:10.452 INFO  dcs.group8.client.RunClient 56 gsToClientMessage - My job with id: 157 was succesfully completed by cluster@: d3828ee3-d7a2-43b0-8f17-6c242090c295
16:40:12.709 INFO  dcs.group8.client.RunClient 56 gsToClientMessage - My job with id: 159 was succesfully completed by cluster@: d3828ee3-d7a2-43b0-8f17-6c242090c295
16:40:14.785 INFO  dcs.group8.client.RunClient 56 gsToClientMessage - My job with id: 69 was succesfully completed by cluster@: d3828ee3-d7a2-43b0-8f17-6c242090c295
16:40:17.117 INFO  dcs.group8.client.RunClient 56 gsToClientMessage - My job with id: 104 was succesfully completed by cluster@: d3828ee3-d7a2-43b0-8f17-6c242090c295
16:40:18.309 INFO  dcs.group8.client.RunClient 56 gsToClientMessage - My job with id: 106 was succesfully completed by cluster@: d3828ee3-d7a2-43b0-8f17-6c242090c295
16:40:20.282 INFO  dcs.group8.client.RunClient 56 gsToClientMessage - My job with id: 108 was succesfully completed by cluster@: d3828ee3-d7a2-43b0-8f17-6c242090c295
16:40:22.319 INFO  dcs.group8.client.RunClient 56 gsToClientMessage - My job with id: 112 was succesfully completed by cluster@: d3828ee3-d7a2-43b0-8f17-6c242090c295
16:40:24.958 INFO  dcs.group8.client.RunClient 56 gsToClientMessage - My job with id: 134 was succesfully completed by cluster@: d3828ee3-d7a2-43b0-8f17-6c242090c295
16:40:27.148 INFO  dcs.group8.client.RunClient 56 gsToClientMessage - My job with id: 158 was succesfully completed by cluster@: d3828ee3-d7a2-43b0-8f17-6c242090c295
16:40:28.522 INFO  dcs.group8.client.RunClient 56 gsToClientMessage - My job with id: 160 was succesfully completed by cluster@: d3828ee3-d7a2-43b0-8f17-6c242090c295
