18:27:51.154 INFO  dcs.group8.models.GridScheduler 83 <init> - Initializing primary gs@node305
18:27:51.155 INFO  dcs.group8.models.GridScheduler 84 <init> - A replica GS is set at gs@node307
18:27:51.155 INFO  dcs.group8.models.GridScheduler 103 gridSchedulerInit - Reading properties files for clusters and grid schedulers
18:27:51.158 INFO  dcs.group8.models.GridScheduler 118 gridSchedulerInit - Initializing the status of the clusters
18:27:51.322 INFO  dcs.group8.models.GridScheduler 459 setUpRegistry - Grid scheduler's registry was properly set up
18:27:51.323 INFO  dcs.group8.models.GridScheduler 188 run - Starting gs@node305
18:27:51.674 DEBUG dcs.group8.models.GridScheduler 519 rmToGsStatusMessage - The current cluster url is :node311and looking for :node310
18:27:51.674 DEBUG dcs.group8.models.GridScheduler 519 rmToGsStatusMessage - The current cluster url is :node310and looking for :node310
18:27:51.675 DEBUG dcs.group8.models.GridScheduler 521 rmToGsStatusMessage - Cluster with hostname: node310was found!
18:27:51.675 DEBUG dcs.group8.models.GridScheduler 527 rmToGsStatusMessage - Setting the hasCrashed flag to false for cluster: node310
18:27:51.808 DEBUG dcs.group8.models.GridScheduler 519 rmToGsStatusMessage - The current cluster url is :node311and looking for :node311
18:27:51.808 DEBUG dcs.group8.models.GridScheduler 521 rmToGsStatusMessage - Cluster with hostname: node311was found!
18:27:51.808 DEBUG dcs.group8.models.GridScheduler 527 rmToGsStatusMessage - Setting the hasCrashed flag to false for cluster: node311
18:27:53.348 DEBUG dcs.group8.models.GridScheduler 143 reportBusyCount - VO load status,node311,0,node310,0
18:27:55.355 DEBUG dcs.group8.models.GridScheduler 143 reportBusyCount - VO load status,node311,0,node310,0
18:27:57.361 DEBUG dcs.group8.models.GridScheduler 143 reportBusyCount - VO load status,node311,0,node310,0
18:27:59.366 DEBUG dcs.group8.models.GridScheduler 143 reportBusyCount - VO load status,node311,0,node310,0
18:28:01.372 DEBUG dcs.group8.models.GridScheduler 143 reportBusyCount - VO load status,node311,0,node310,0
18:28:03.378 DEBUG dcs.group8.models.GridScheduler 143 reportBusyCount - VO load status,node311,0,node310,0
18:28:05.383 DEBUG dcs.group8.models.GridScheduler 143 reportBusyCount - VO load status,node311,0,node310,0
18:28:07.591 DEBUG dcs.group8.models.GridScheduler 143 reportBusyCount - VO load status,node311,0,node310,0
18:28:09.599 DEBUG dcs.group8.models.GridScheduler 143 reportBusyCount - VO load status,node311,0,node310,0
18:28:11.605 DEBUG dcs.group8.models.GridScheduler 143 reportBusyCount - VO load status,node311,0,node310,0
18:28:13.611 DEBUG dcs.group8.models.GridScheduler 143 reportBusyCount - VO load status,node311,0,node310,0
18:28:15.616 DEBUG dcs.group8.models.GridScheduler 143 reportBusyCount - VO load status,node311,0,node310,0
18:28:15.983 INFO  dcs.group8.models.GridScheduler 363 clientToGsMessage - Assigning Job with Job_id:1 to cluster@node311
18:28:15.993 INFO  dcs.group8.models.GridScheduler 375 clientToGsMessage - rm@node311 responded: Job accepted by the resource manager and assigned to a node
18:28:16.020 INFO  dcs.group8.models.GridScheduler 363 clientToGsMessage - Assigning Job with Job_id:3 to cluster@node310
18:28:16.030 INFO  dcs.group8.models.GridScheduler 375 clientToGsMessage - rm@node310 responded: Job accepted by the resource manager and assigned to a node
18:28:16.048 INFO  dcs.group8.models.GridScheduler 363 clientToGsMessage - Assigning Job with Job_id:5 to cluster@node311
18:28:16.052 INFO  dcs.group8.models.GridScheduler 375 clientToGsMessage - rm@node311 responded: Job accepted by the resource manager and assigned to a node
18:28:16.065 INFO  dcs.group8.models.GridScheduler 363 clientToGsMessage - Assigning Job with Job_id:7 to cluster@node310
18:28:16.070 INFO  dcs.group8.models.GridScheduler 375 clientToGsMessage - rm@node310 responded: Job accepted by the resource manager and assigned to a node
18:28:16.082 INFO  dcs.group8.models.GridScheduler 363 clientToGsMessage - Assigning Job with Job_id:9 to cluster@node311
18:28:16.087 INFO  dcs.group8.models.GridScheduler 375 clientToGsMessage - rm@node311 responded: Job accepted by the resource manager and assigned to a node
18:28:16.099 INFO  dcs.group8.models.GridScheduler 363 clientToGsMessage - Assigning Job with Job_id:11 to cluster@node310
18:28:16.104 INFO  dcs.group8.models.GridScheduler 375 clientToGsMessage - rm@node310 responded: Job accepted by the resource manager and assigned to a node
18:28:16.116 INFO  dcs.group8.models.GridScheduler 363 clientToGsMessage - Assigning Job with Job_id:13 to cluster@node311
18:28:16.120 INFO  dcs.group8.models.GridScheduler 375 clientToGsMessage - rm@node311 responded: Job accepted by the resource manager and assigned to a node
18:28:16.133 INFO  dcs.group8.models.GridScheduler 363 clientToGsMessage - Assigning Job with Job_id:15 to cluster@node310
18:28:16.137 INFO  dcs.group8.models.GridScheduler 375 clientToGsMessage - rm@node310 responded: Job accepted by the resource manager and assigned to a node
18:28:16.150 INFO  dcs.group8.models.GridScheduler 363 clientToGsMessage - Assigning Job with Job_id:17 to cluster@node311
18:28:16.155 INFO  dcs.group8.models.GridScheduler 375 clientToGsMessage - rm@node311 responded: Job accepted by the resource manager and assigned to a node
18:28:16.167 INFO  dcs.group8.models.GridScheduler 363 clientToGsMessage - Assigning Job with Job_id:19 to cluster@node310
18:28:16.171 INFO  dcs.group8.models.GridScheduler 375 clientToGsMessage - rm@node310 responded: Job accepted by the resource manager and assigned to a node
18:28:16.183 INFO  dcs.group8.models.GridScheduler 363 clientToGsMessage - Assigning Job with Job_id:21 to cluster@node311
18:28:16.187 INFO  dcs.group8.models.GridScheduler 375 clientToGsMessage - rm@node311 responded: Job accepted by the resource manager and assigned to a node
18:28:16.200 INFO  dcs.group8.models.GridScheduler 363 clientToGsMessage - Assigning Job with Job_id:23 to cluster@node310
18:28:16.204 INFO  dcs.group8.models.GridScheduler 375 clientToGsMessage - rm@node310 responded: Job accepted by the resource manager and assigned to a node
18:28:16.216 INFO  dcs.group8.models.GridScheduler 363 clientToGsMessage - Assigning Job with Job_id:25 to cluster@node311
18:28:16.221 INFO  dcs.group8.models.GridScheduler 375 clientToGsMessage - rm@node311 responded: Job accepted by the resource manager and assigned to a node
18:28:16.233 INFO  dcs.group8.models.GridScheduler 363 clientToGsMessage - Assigning Job with Job_id:27 to cluster@node310
18:28:16.237 INFO  dcs.group8.models.GridScheduler 375 clientToGsMessage - rm@node310 responded: Job accepted by the resource manager and assigned to a node
18:28:16.249 INFO  dcs.group8.models.GridScheduler 363 clientToGsMessage - Assigning Job with Job_id:29 to cluster@node311
18:28:16.253 INFO  dcs.group8.models.GridScheduler 375 clientToGsMessage - rm@node311 responded: Job accepted by the resource manager and assigned to a node
18:28:16.266 INFO  dcs.group8.models.GridScheduler 363 clientToGsMessage - Assigning Job with Job_id:31 to cluster@node310
18:28:16.270 INFO  dcs.group8.models.GridScheduler 375 clientToGsMessage - rm@node310 responded: Job accepted by the resource manager and assigned to a node
18:28:16.283 INFO  dcs.group8.models.GridScheduler 363 clientToGsMessage - Assigning Job with Job_id:33 to cluster@node311
18:28:16.287 INFO  dcs.group8.models.GridScheduler 375 clientToGsMessage - rm@node311 responded: Job accepted by the resource manager and assigned to a node
18:28:16.299 INFO  dcs.group8.models.GridScheduler 363 clientToGsMessage - Assigning Job with Job_id:35 to cluster@node310
18:28:16.303 INFO  dcs.group8.models.GridScheduler 375 clientToGsMessage - rm@node310 responded: Job accepted by the resource manager and assigned to a node
18:28:16.315 INFO  dcs.group8.models.GridScheduler 363 clientToGsMessage - Assigning Job with Job_id:37 to cluster@node311
18:28:16.319 INFO  dcs.group8.models.GridScheduler 375 clientToGsMessage - rm@node311 responded: Job accepted by the resource manager and assigned to a node
18:28:16.331 INFO  dcs.group8.models.GridScheduler 363 clientToGsMessage - Assigning Job with Job_id:39 to cluster@node310
18:28:16.335 INFO  dcs.group8.models.GridScheduler 375 clientToGsMessage - rm@node310 responded: Job accepted by the resource manager and assigned to a node
18:28:17.623 DEBUG dcs.group8.models.GridScheduler 143 reportBusyCount - VO load status,node311,10,node310,10
18:28:19.628 DEBUG dcs.group8.models.GridScheduler 143 reportBusyCount - VO load status,node311,10,node310,10
18:28:25.636 ERROR dcs.group8.models.GridScheduler 165 checkRmHeartBeatStatus - Heartbeat - Could not contact other rm@node310
18:28:25.636 INFO  dcs.group8.models.GridScheduler 167 checkRmHeartBeatStatus - Number of jobs that were running: 10
18:28:25.638 INFO  dcs.group8.models.GridScheduler 439 rescheduleJobs - Rescheduling job - 3
18:28:25.638 INFO  dcs.group8.models.GridScheduler 439 rescheduleJobs - Rescheduling job - 7
18:28:25.638 INFO  dcs.group8.models.GridScheduler 439 rescheduleJobs - Rescheduling job - 11
18:28:25.638 INFO  dcs.group8.models.GridScheduler 439 rescheduleJobs - Rescheduling job - 15
18:28:25.638 INFO  dcs.group8.models.GridScheduler 439 rescheduleJobs - Rescheduling job - 19
18:28:25.638 INFO  dcs.group8.models.GridScheduler 439 rescheduleJobs - Rescheduling job - 23
18:28:25.639 INFO  dcs.group8.models.GridScheduler 439 rescheduleJobs - Rescheduling job - 27
18:28:25.639 INFO  dcs.group8.models.GridScheduler 439 rescheduleJobs - Rescheduling job - 31
18:28:25.639 INFO  dcs.group8.models.GridScheduler 439 rescheduleJobs - Rescheduling job - 35
18:28:25.639 INFO  dcs.group8.models.GridScheduler 439 rescheduleJobs - Rescheduling job - 39
18:28:25.640 DEBUG dcs.group8.models.GridScheduler 143 reportBusyCount - VO load status,node311,10,node310,0
18:28:25.641 INFO  dcs.group8.models.GridScheduler 397 clientToGsMessage - Job with job_id: 3 for client@10.141.3.31 is placed in the external jobs queue
18:28:25.641 INFO  dcs.group8.models.GridScheduler 407 clientToGsMessage - Backing up job 3 to node307
18:28:27.644 DEBUG dcs.group8.models.GridScheduler 143 reportBusyCount - VO load status,node311,10,node310,0
18:28:27.644 INFO  dcs.group8.models.GridScheduler 200 run - Trying to reach other GSs to delegate this job
18:28:27.653 INFO  dcs.group8.models.GridScheduler 397 clientToGsMessage - Job with job_id: 7 for client@10.141.3.31 is placed in the external jobs queue
18:28:27.653 INFO  dcs.group8.models.GridScheduler 407 clientToGsMessage - Backing up job 7 to node307
18:28:27.654 INFO  dcs.group8.models.GridScheduler 235 run - No other GS is willing to take the job
18:28:29.657 DEBUG dcs.group8.models.GridScheduler 143 reportBusyCount - VO load status,node311,10,node310,0
18:28:29.657 INFO  dcs.group8.models.GridScheduler 200 run - Trying to reach other GSs to delegate this job
18:28:29.657 INFO  dcs.group8.models.GridScheduler 397 clientToGsMessage - Job with job_id: 11 for client@10.141.3.31 is placed in the external jobs queue
18:28:29.657 INFO  dcs.group8.models.GridScheduler 407 clientToGsMessage - Backing up job 11 to node307
18:28:29.660 INFO  dcs.group8.models.GridScheduler 235 run - No other GS is willing to take the job
18:28:31.661 INFO  dcs.group8.models.GridScheduler 397 clientToGsMessage - Job with job_id: 15 for client@10.141.3.31 is placed in the external jobs queue
18:28:31.662 INFO  dcs.group8.models.GridScheduler 407 clientToGsMessage - Backing up job 15 to node307
18:28:31.663 DEBUG dcs.group8.models.GridScheduler 143 reportBusyCount - VO load status,node311,10,node310,0
18:28:31.663 INFO  dcs.group8.models.GridScheduler 200 run - Trying to reach other GSs to delegate this job
18:28:31.666 INFO  dcs.group8.models.GridScheduler 235 run - No other GS is willing to take the job
18:28:33.666 INFO  dcs.group8.models.GridScheduler 397 clientToGsMessage - Job with job_id: 19 for client@10.141.3.31 is placed in the external jobs queue
18:28:33.666 INFO  dcs.group8.models.GridScheduler 407 clientToGsMessage - Backing up job 19 to node307
18:28:33.669 DEBUG dcs.group8.models.GridScheduler 143 reportBusyCount - VO load status,node311,10,node310,0
18:28:33.669 INFO  dcs.group8.models.GridScheduler 200 run - Trying to reach other GSs to delegate this job
18:28:33.672 INFO  dcs.group8.models.GridScheduler 235 run - No other GS is willing to take the job
18:28:35.670 INFO  dcs.group8.models.GridScheduler 397 clientToGsMessage - Job with job_id: 23 for client@10.141.3.31 is placed in the external jobs queue
18:28:35.670 INFO  dcs.group8.models.GridScheduler 407 clientToGsMessage - Backing up job 23 to node307
18:28:35.675 DEBUG dcs.group8.models.GridScheduler 143 reportBusyCount - VO load status,node311,10,node310,0
18:28:35.675 INFO  dcs.group8.models.GridScheduler 200 run - Trying to reach other GSs to delegate this job
18:28:35.678 INFO  dcs.group8.models.GridScheduler 235 run - No other GS is willing to take the job
18:28:36.348 INFO  dcs.group8.models.GridScheduler 397 clientToGsMessage - Job with job_id: 41 for client@10.141.3.31 is placed in the external jobs queue
18:28:36.348 INFO  dcs.group8.models.GridScheduler 407 clientToGsMessage - Backing up job 41 to node307
18:28:36.373 INFO  dcs.group8.models.GridScheduler 397 clientToGsMessage - Job with job_id: 43 for client@10.141.3.31 is placed in the external jobs queue
18:28:36.373 INFO  dcs.group8.models.GridScheduler 407 clientToGsMessage - Backing up job 43 to node307
18:28:36.389 INFO  dcs.group8.models.GridScheduler 397 clientToGsMessage - Job with job_id: 45 for client@10.141.3.31 is placed in the external jobs queue
18:28:36.389 INFO  dcs.group8.models.GridScheduler 407 clientToGsMessage - Backing up job 45 to node307
18:28:36.404 INFO  dcs.group8.models.GridScheduler 397 clientToGsMessage - Job with job_id: 47 for client@10.141.3.31 is placed in the external jobs queue
18:28:36.404 INFO  dcs.group8.models.GridScheduler 407 clientToGsMessage - Backing up job 47 to node307
18:28:36.418 INFO  dcs.group8.models.GridScheduler 397 clientToGsMessage - Job with job_id: 49 for client@10.141.3.31 is placed in the external jobs queue
18:28:36.418 INFO  dcs.group8.models.GridScheduler 407 clientToGsMessage - Backing up job 49 to node307
18:28:36.433 INFO  dcs.group8.models.GridScheduler 397 clientToGsMessage - Job with job_id: 51 for client@10.141.3.31 is placed in the external jobs queue
18:28:36.433 INFO  dcs.group8.models.GridScheduler 407 clientToGsMessage - Backing up job 51 to node307
18:28:36.447 INFO  dcs.group8.models.GridScheduler 397 clientToGsMessage - Job with job_id: 53 for client@10.141.3.31 is placed in the external jobs queue
18:28:36.447 INFO  dcs.group8.models.GridScheduler 407 clientToGsMessage - Backing up job 53 to node307
18:28:36.462 INFO  dcs.group8.models.GridScheduler 397 clientToGsMessage - Job with job_id: 55 for client@10.141.3.31 is placed in the external jobs queue
18:28:36.462 INFO  dcs.group8.models.GridScheduler 407 clientToGsMessage - Backing up job 55 to node307
18:28:36.477 INFO  dcs.group8.models.GridScheduler 397 clientToGsMessage - Job with job_id: 57 for client@10.141.3.31 is placed in the external jobs queue
18:28:36.477 INFO  dcs.group8.models.GridScheduler 407 clientToGsMessage - Backing up job 57 to node307
18:28:36.492 INFO  dcs.group8.models.GridScheduler 397 clientToGsMessage - Job with job_id: 59 for client@10.141.3.31 is placed in the external jobs queue
18:28:36.492 INFO  dcs.group8.models.GridScheduler 407 clientToGsMessage - Backing up job 59 to node307
18:28:36.508 INFO  dcs.group8.models.GridScheduler 397 clientToGsMessage - Job with job_id: 61 for client@10.141.3.31 is placed in the external jobs queue
18:28:36.508 INFO  dcs.group8.models.GridScheduler 407 clientToGsMessage - Backing up job 61 to node307
18:28:36.523 INFO  dcs.group8.models.GridScheduler 397 clientToGsMessage - Job with job_id: 63 for client@10.141.3.31 is placed in the external jobs queue
18:28:36.523 INFO  dcs.group8.models.GridScheduler 407 clientToGsMessage - Backing up job 63 to node307
18:28:36.538 INFO  dcs.group8.models.GridScheduler 397 clientToGsMessage - Job with job_id: 65 for client@10.141.3.31 is placed in the external jobs queue
18:28:36.538 INFO  dcs.group8.models.GridScheduler 407 clientToGsMessage - Backing up job 65 to node307
18:28:36.553 INFO  dcs.group8.models.GridScheduler 397 clientToGsMessage - Job with job_id: 67 for client@10.141.3.31 is placed in the external jobs queue
18:28:36.553 INFO  dcs.group8.models.GridScheduler 407 clientToGsMessage - Backing up job 67 to node307
18:28:36.568 INFO  dcs.group8.models.GridScheduler 397 clientToGsMessage - Job with job_id: 69 for client@10.141.3.31 is placed in the external jobs queue
18:28:36.568 INFO  dcs.group8.models.GridScheduler 407 clientToGsMessage - Backing up job 69 to node307
18:28:36.583 INFO  dcs.group8.models.GridScheduler 397 clientToGsMessage - Job with job_id: 71 for client@10.141.3.31 is placed in the external jobs queue
18:28:36.583 INFO  dcs.group8.models.GridScheduler 407 clientToGsMessage - Backing up job 71 to node307
18:28:36.599 INFO  dcs.group8.models.GridScheduler 397 clientToGsMessage - Job with job_id: 73 for client@10.141.3.31 is placed in the external jobs queue
18:28:36.599 INFO  dcs.group8.models.GridScheduler 407 clientToGsMessage - Backing up job 73 to node307
18:28:36.613 INFO  dcs.group8.models.GridScheduler 397 clientToGsMessage - Job with job_id: 75 for client@10.141.3.31 is placed in the external jobs queue
18:28:36.613 INFO  dcs.group8.models.GridScheduler 407 clientToGsMessage - Backing up job 75 to node307
18:28:36.627 INFO  dcs.group8.models.GridScheduler 397 clientToGsMessage - Job with job_id: 77 for client@10.141.3.31 is placed in the external jobs queue
18:28:36.627 INFO  dcs.group8.models.GridScheduler 407 clientToGsMessage - Backing up job 77 to node307
18:28:36.641 INFO  dcs.group8.models.GridScheduler 397 clientToGsMessage - Job with job_id: 79 for client@10.141.3.31 is placed in the external jobs queue
18:28:36.641 INFO  dcs.group8.models.GridScheduler 407 clientToGsMessage - Backing up job 79 to node307
18:28:37.674 INFO  dcs.group8.models.GridScheduler 397 clientToGsMessage - Job with job_id: 27 for client@10.141.3.31 is placed in the external jobs queue
18:28:37.674 INFO  dcs.group8.models.GridScheduler 407 clientToGsMessage - Backing up job 27 to node307
18:28:37.680 DEBUG dcs.group8.models.GridScheduler 143 reportBusyCount - VO load status,node311,10,node310,0
18:28:37.681 INFO  dcs.group8.models.GridScheduler 200 run - Trying to reach other GSs to delegate this job
18:28:37.683 INFO  dcs.group8.models.GridScheduler 235 run - No other GS is willing to take the job
18:28:37.847 INFO  dcs.group8.models.GridScheduler 491 gsToGsJobMessage - Job with Job_id: 42 was received from another GS
18:28:37.847 INFO  dcs.group8.models.GridScheduler 397 clientToGsMessage - Job with job_id: 42 for client@10.141.3.31 is placed in the external jobs queue
18:28:37.847 INFO  dcs.group8.models.GridScheduler 407 clientToGsMessage - Backing up job 42 to node307
18:28:38.264 INFO  dcs.group8.models.GridScheduler 303 rmToGsMessage - Job with Job_id: 5 was completed from cluster@node311
18:28:38.384 INFO  dcs.group8.models.GridScheduler 303 rmToGsMessage - Job with Job_id: 21 was completed from cluster@node311
18:28:38.466 INFO  dcs.group8.models.GridScheduler 303 rmToGsMessage - Job with Job_id: 29 was completed from cluster@node311
18:28:38.600 INFO  dcs.group8.models.GridScheduler 303 rmToGsMessage - Job with Job_id: 13 was completed from cluster@node311
18:28:38.617 INFO  dcs.group8.models.GridScheduler 303 rmToGsMessage - Job with Job_id: 33 was completed from cluster@node311
18:28:38.839 INFO  dcs.group8.models.GridScheduler 303 rmToGsMessage - Job with Job_id: 25 was completed from cluster@node311
18:28:38.844 INFO  dcs.group8.models.GridScheduler 303 rmToGsMessage - Job with Job_id: 1 was completed from cluster@node311
18:28:39.015 INFO  dcs.group8.models.GridScheduler 303 rmToGsMessage - Job with Job_id: 37 was completed from cluster@node311
18:28:39.025 INFO  dcs.group8.models.GridScheduler 303 rmToGsMessage - Job with Job_id: 17 was completed from cluster@node311
18:28:39.086 INFO  dcs.group8.models.GridScheduler 303 rmToGsMessage - Job with Job_id: 9 was completed from cluster@node311
18:28:39.678 INFO  dcs.group8.models.GridScheduler 363 clientToGsMessage - Assigning Job with Job_id:31 to cluster@node311
18:28:39.683 INFO  dcs.group8.models.GridScheduler 375 clientToGsMessage - rm@node311 responded: Job accepted by the resource manager and assigned to a node
18:28:39.686 DEBUG dcs.group8.models.GridScheduler 143 reportBusyCount - VO load status,node311,1,node310,0
18:28:39.686 INFO  dcs.group8.models.GridScheduler 200 run - Trying to reach other GSs to delegate this job
18:28:39.689 INFO  dcs.group8.models.GridScheduler 242 run - Removing Backup of job 3 from node307
18:28:39.701 INFO  dcs.group8.models.GridScheduler 265 run - Job successfully sent to gs@node306
18:28:39.904 INFO  dcs.group8.models.GridScheduler 491 gsToGsJobMessage - Job with Job_id: 44 was received from another GS
18:28:39.904 INFO  dcs.group8.models.GridScheduler 363 clientToGsMessage - Assigning Job with Job_id:44 to cluster@node311
18:28:39.909 INFO  dcs.group8.models.GridScheduler 375 clientToGsMessage - rm@node311 responded: Job accepted by the resource manager and assigned to a node
18:28:41.683 INFO  dcs.group8.models.GridScheduler 363 clientToGsMessage - Assigning Job with Job_id:35 to cluster@node311
18:28:41.687 INFO  dcs.group8.models.GridScheduler 375 clientToGsMessage - rm@node311 responded: Job accepted by the resource manager and assigned to a node
18:28:41.704 DEBUG dcs.group8.models.GridScheduler 143 reportBusyCount - VO load status,node311,3,node310,0
18:28:41.704 INFO  dcs.group8.models.GridScheduler 200 run - Trying to reach other GSs to delegate this job
18:28:41.707 INFO  dcs.group8.models.GridScheduler 242 run - Removing Backup of job 19 from node307
18:28:41.719 INFO  dcs.group8.models.GridScheduler 265 run - Job successfully sent to gs@node306
18:28:42.127 INFO  dcs.group8.models.GridScheduler 491 gsToGsJobMessage - Job with Job_id: 46 was received from another GS
18:28:42.127 INFO  dcs.group8.models.GridScheduler 363 clientToGsMessage - Assigning Job with Job_id:46 to cluster@node311
18:28:42.131 INFO  dcs.group8.models.GridScheduler 375 clientToGsMessage - rm@node311 responded: Job accepted by the resource manager and assigned to a node
18:28:43.687 INFO  dcs.group8.models.GridScheduler 363 clientToGsMessage - Assigning Job with Job_id:39 to cluster@node311
18:28:43.692 INFO  dcs.group8.models.GridScheduler 375 clientToGsMessage - rm@node311 responded: Job accepted by the resource manager and assigned to a node
18:28:43.722 DEBUG dcs.group8.models.GridScheduler 143 reportBusyCount - VO load status,node311,5,node310,0
18:28:43.722 INFO  dcs.group8.models.GridScheduler 200 run - Trying to reach other GSs to delegate this job
18:28:43.725 INFO  dcs.group8.models.GridScheduler 242 run - Removing Backup of job 11 from node307
18:28:43.736 INFO  dcs.group8.models.GridScheduler 265 run - Job successfully sent to gs@node306
18:28:44.147 INFO  dcs.group8.models.GridScheduler 491 gsToGsJobMessage - Job with Job_id: 48 was received from another GS
18:28:44.147 INFO  dcs.group8.models.GridScheduler 363 clientToGsMessage - Assigning Job with Job_id:48 to cluster@node311
18:28:44.151 INFO  dcs.group8.models.GridScheduler 375 clientToGsMessage - rm@node311 responded: Job accepted by the resource manager and assigned to a node
18:28:45.739 DEBUG dcs.group8.models.GridScheduler 143 reportBusyCount - VO load status,node311,6,node310,0
18:28:45.739 INFO  dcs.group8.models.GridScheduler 200 run - Trying to reach other GSs to delegate this job
18:28:45.741 INFO  dcs.group8.models.GridScheduler 242 run - Removing Backup of job 23 from node307
18:28:45.753 INFO  dcs.group8.models.GridScheduler 265 run - Job successfully sent to gs@node306
18:28:46.370 INFO  dcs.group8.models.GridScheduler 491 gsToGsJobMessage - Job with Job_id: 50 was received from another GS
18:28:46.370 INFO  dcs.group8.models.GridScheduler 363 clientToGsMessage - Assigning Job with Job_id:50 to cluster@node311
18:28:46.374 INFO  dcs.group8.models.GridScheduler 375 clientToGsMessage - rm@node311 responded: Job accepted by the resource manager and assigned to a node
18:28:47.756 DEBUG dcs.group8.models.GridScheduler 143 reportBusyCount - VO load status,node311,7,node310,0
18:28:47.756 INFO  dcs.group8.models.GridScheduler 200 run - Trying to reach other GSs to delegate this job
18:28:47.759 INFO  dcs.group8.models.GridScheduler 242 run - Removing Backup of job 7 from node307
18:28:47.770 INFO  dcs.group8.models.GridScheduler 265 run - Job successfully sent to gs@node306
18:28:48.389 INFO  dcs.group8.models.GridScheduler 491 gsToGsJobMessage - Job with Job_id: 52 was received from another GS
18:28:48.390 INFO  dcs.group8.models.GridScheduler 363 clientToGsMessage - Assigning Job with Job_id:52 to cluster@node311
18:28:48.394 INFO  dcs.group8.models.GridScheduler 375 clientToGsMessage - rm@node311 responded: Job accepted by the resource manager and assigned to a node
18:28:49.773 DEBUG dcs.group8.models.GridScheduler 143 reportBusyCount - VO load status,node311,8,node310,0
18:28:49.773 INFO  dcs.group8.models.GridScheduler 200 run - Trying to reach other GSs to delegate this job
18:28:49.776 INFO  dcs.group8.models.GridScheduler 242 run - Removing Backup of job 41 from node307
18:28:49.787 INFO  dcs.group8.models.GridScheduler 265 run - Job successfully sent to gs@node306
18:28:50.409 INFO  dcs.group8.models.GridScheduler 491 gsToGsJobMessage - Job with Job_id: 54 was received from another GS
18:28:50.409 INFO  dcs.group8.models.GridScheduler 363 clientToGsMessage - Assigning Job with Job_id:54 to cluster@node311
18:28:50.413 INFO  dcs.group8.models.GridScheduler 375 clientToGsMessage - rm@node311 responded: Job accepted by the resource manager and assigned to a node
18:28:51.790 DEBUG dcs.group8.models.GridScheduler 143 reportBusyCount - VO load status,node311,9,node310,0
18:28:51.790 INFO  dcs.group8.models.GridScheduler 200 run - Trying to reach other GSs to delegate this job
18:28:51.793 INFO  dcs.group8.models.GridScheduler 242 run - Removing Backup of job 43 from node307
18:28:51.805 INFO  dcs.group8.models.GridScheduler 265 run - Job successfully sent to gs@node306
18:28:52.428 INFO  dcs.group8.models.GridScheduler 491 gsToGsJobMessage - Job with Job_id: 56 was received from another GS
18:28:52.428 INFO  dcs.group8.models.GridScheduler 363 clientToGsMessage - Assigning Job with Job_id:56 to cluster@node311
18:28:52.433 INFO  dcs.group8.models.GridScheduler 375 clientToGsMessage - rm@node311 responded: Job accepted by the resource manager and assigned to a node
18:28:53.808 DEBUG dcs.group8.models.GridScheduler 143 reportBusyCount - VO load status,node311,10,node310,0
18:28:53.808 INFO  dcs.group8.models.GridScheduler 200 run - Trying to reach other GSs to delegate this job
18:28:53.811 INFO  dcs.group8.models.GridScheduler 242 run - Removing Backup of job 45 from node307
18:28:53.823 INFO  dcs.group8.models.GridScheduler 265 run - Job successfully sent to gs@node306
18:28:54.448 INFO  dcs.group8.models.GridScheduler 491 gsToGsJobMessage - Job with Job_id: 58 was received from another GS
18:28:54.448 INFO  dcs.group8.models.GridScheduler 397 clientToGsMessage - Job with job_id: 58 for client@10.141.3.31 is placed in the external jobs queue
18:28:54.449 INFO  dcs.group8.models.GridScheduler 407 clientToGsMessage - Backing up job 58 to node307
18:28:55.826 DEBUG dcs.group8.models.GridScheduler 143 reportBusyCount - VO load status,node311,10,node310,0
18:28:55.826 INFO  dcs.group8.models.GridScheduler 200 run - Trying to reach other GSs to delegate this job
18:28:55.829 INFO  dcs.group8.models.GridScheduler 242 run - Removing Backup of job 47 from node307
18:28:55.840 INFO  dcs.group8.models.GridScheduler 265 run - Job successfully sent to gs@node306
18:28:56.467 INFO  dcs.group8.models.GridScheduler 491 gsToGsJobMessage - Job with Job_id: 60 was received from another GS
18:28:56.468 INFO  dcs.group8.models.GridScheduler 397 clientToGsMessage - Job with job_id: 60 for client@10.141.3.31 is placed in the external jobs queue
18:28:56.468 INFO  dcs.group8.models.GridScheduler 407 clientToGsMessage - Backing up job 60 to node307
18:28:56.655 INFO  dcs.group8.models.GridScheduler 397 clientToGsMessage - Job with job_id: 81 for client@10.141.3.31 is placed in the external jobs queue
18:28:56.656 INFO  dcs.group8.models.GridScheduler 407 clientToGsMessage - Backing up job 81 to node307
18:28:56.671 INFO  dcs.group8.models.GridScheduler 397 clientToGsMessage - Job with job_id: 83 for client@10.141.3.31 is placed in the external jobs queue
18:28:56.671 INFO  dcs.group8.models.GridScheduler 407 clientToGsMessage - Backing up job 83 to node307
18:28:56.686 INFO  dcs.group8.models.GridScheduler 397 clientToGsMessage - Job with job_id: 85 for client@10.141.3.31 is placed in the external jobs queue
18:28:56.686 INFO  dcs.group8.models.GridScheduler 407 clientToGsMessage - Backing up job 85 to node307
18:28:56.701 INFO  dcs.group8.models.GridScheduler 397 clientToGsMessage - Job with job_id: 87 for client@10.141.3.31 is placed in the external jobs queue
18:28:56.701 INFO  dcs.group8.models.GridScheduler 407 clientToGsMessage - Backing up job 87 to node307
18:28:56.716 INFO  dcs.group8.models.GridScheduler 397 clientToGsMessage - Job with job_id: 89 for client@10.141.3.31 is placed in the external jobs queue
18:28:56.716 INFO  dcs.group8.models.GridScheduler 407 clientToGsMessage - Backing up job 89 to node307
18:28:56.730 INFO  dcs.group8.models.GridScheduler 397 clientToGsMessage - Job with job_id: 91 for client@10.141.3.31 is placed in the external jobs queue
18:28:56.730 INFO  dcs.group8.models.GridScheduler 407 clientToGsMessage - Backing up job 91 to node307
18:28:56.745 INFO  dcs.group8.models.GridScheduler 397 clientToGsMessage - Job with job_id: 93 for client@10.141.3.31 is placed in the external jobs queue
18:28:56.745 INFO  dcs.group8.models.GridScheduler 407 clientToGsMessage - Backing up job 93 to node307
18:28:56.760 INFO  dcs.group8.models.GridScheduler 397 clientToGsMessage - Job with job_id: 95 for client@10.141.3.31 is placed in the external jobs queue
18:28:56.760 INFO  dcs.group8.models.GridScheduler 407 clientToGsMessage - Backing up job 95 to node307
18:28:56.775 INFO  dcs.group8.models.GridScheduler 397 clientToGsMessage - Job with job_id: 97 for client@10.141.3.31 is placed in the external jobs queue
18:28:56.775 INFO  dcs.group8.models.GridScheduler 407 clientToGsMessage - Backing up job 97 to node307
18:28:56.789 INFO  dcs.group8.models.GridScheduler 397 clientToGsMessage - Job with job_id: 99 for client@10.141.3.31 is placed in the external jobs queue
18:28:56.789 INFO  dcs.group8.models.GridScheduler 407 clientToGsMessage - Backing up job 99 to node307
18:28:56.804 INFO  dcs.group8.models.GridScheduler 397 clientToGsMessage - Job with job_id: 101 for client@10.141.3.31 is placed in the external jobs queue
18:28:56.804 INFO  dcs.group8.models.GridScheduler 407 clientToGsMessage - Backing up job 101 to node307
18:28:56.819 INFO  dcs.group8.models.GridScheduler 397 clientToGsMessage - Job with job_id: 103 for client@10.141.3.31 is placed in the external jobs queue
18:28:56.819 INFO  dcs.group8.models.GridScheduler 407 clientToGsMessage - Backing up job 103 to node307
18:28:56.833 INFO  dcs.group8.models.GridScheduler 397 clientToGsMessage - Job with job_id: 105 for client@10.141.3.31 is placed in the external jobs queue
18:28:56.833 INFO  dcs.group8.models.GridScheduler 407 clientToGsMessage - Backing up job 105 to node307
18:28:56.847 INFO  dcs.group8.models.GridScheduler 397 clientToGsMessage - Job with job_id: 107 for client@10.141.3.31 is placed in the external jobs queue
18:28:56.847 INFO  dcs.group8.models.GridScheduler 407 clientToGsMessage - Backing up job 107 to node307
18:28:56.861 INFO  dcs.group8.models.GridScheduler 397 clientToGsMessage - Job with job_id: 109 for client@10.141.3.31 is placed in the external jobs queue
18:28:56.861 INFO  dcs.group8.models.GridScheduler 407 clientToGsMessage - Backing up job 109 to node307
18:28:56.875 INFO  dcs.group8.models.GridScheduler 397 clientToGsMessage - Job with job_id: 111 for client@10.141.3.31 is placed in the external jobs queue
18:28:56.875 INFO  dcs.group8.models.GridScheduler 407 clientToGsMessage - Backing up job 111 to node307
18:28:56.889 INFO  dcs.group8.models.GridScheduler 397 clientToGsMessage - Job with job_id: 113 for client@10.141.3.31 is placed in the external jobs queue
18:28:56.889 INFO  dcs.group8.models.GridScheduler 407 clientToGsMessage - Backing up job 113 to node307
18:28:56.903 INFO  dcs.group8.models.GridScheduler 397 clientToGsMessage - Job with job_id: 115 for client@10.141.3.31 is placed in the external jobs queue
18:28:56.903 INFO  dcs.group8.models.GridScheduler 407 clientToGsMessage - Backing up job 115 to node307
18:28:56.917 INFO  dcs.group8.models.GridScheduler 397 clientToGsMessage - Job with job_id: 117 for client@10.141.3.31 is placed in the external jobs queue
18:28:56.917 INFO  dcs.group8.models.GridScheduler 407 clientToGsMessage - Backing up job 117 to node307
18:28:56.931 INFO  dcs.group8.models.GridScheduler 397 clientToGsMessage - Job with job_id: 119 for client@10.141.3.31 is placed in the external jobs queue
18:28:56.931 INFO  dcs.group8.models.GridScheduler 407 clientToGsMessage - Backing up job 119 to node307
18:28:57.843 DEBUG dcs.group8.models.GridScheduler 143 reportBusyCount - VO load status,node311,10,node310,0
18:28:57.843 INFO  dcs.group8.models.GridScheduler 200 run - Trying to reach other GSs to delegate this job
18:28:57.846 INFO  dcs.group8.models.GridScheduler 235 run - No other GS is willing to take the job
18:28:58.487 INFO  dcs.group8.models.GridScheduler 491 gsToGsJobMessage - Job with Job_id: 62 was received from another GS
18:28:58.487 INFO  dcs.group8.models.GridScheduler 397 clientToGsMessage - Job with job_id: 62 for client@10.141.3.31 is placed in the external jobs queue
18:28:58.487 INFO  dcs.group8.models.GridScheduler 407 clientToGsMessage - Backing up job 62 to node307
18:28:59.849 DEBUG dcs.group8.models.GridScheduler 143 reportBusyCount - VO load status,node311,10,node310,0
18:28:59.849 INFO  dcs.group8.models.GridScheduler 200 run - Trying to reach other GSs to delegate this job
18:28:59.852 INFO  dcs.group8.models.GridScheduler 235 run - No other GS is willing to take the job
18:29:00.505 INFO  dcs.group8.models.GridScheduler 491 gsToGsJobMessage - Job with Job_id: 64 was received from another GS
18:29:00.505 INFO  dcs.group8.models.GridScheduler 397 clientToGsMessage - Job with job_id: 64 for client@10.141.3.31 is placed in the external jobs queue
18:29:00.506 INFO  dcs.group8.models.GridScheduler 407 clientToGsMessage - Backing up job 64 to node307
18:29:01.855 DEBUG dcs.group8.models.GridScheduler 143 reportBusyCount - VO load status,node311,10,node310,0
18:29:01.855 INFO  dcs.group8.models.GridScheduler 200 run - Trying to reach other GSs to delegate this job
18:29:01.858 INFO  dcs.group8.models.GridScheduler 235 run - No other GS is willing to take the job
18:29:02.355 INFO  dcs.group8.models.GridScheduler 303 rmToGsMessage - Job with Job_id: 44 was completed from cluster@node311
18:29:02.524 INFO  dcs.group8.models.GridScheduler 491 gsToGsJobMessage - Job with Job_id: 66 was received from another GS
18:29:02.525 INFO  dcs.group8.models.GridScheduler 363 clientToGsMessage - Assigning Job with Job_id:66 to cluster@node311
18:29:02.529 INFO  dcs.group8.models.GridScheduler 375 clientToGsMessage - rm@node311 responded: Job accepted by the resource manager and assigned to a node
18:29:02.580 INFO  dcs.group8.models.GridScheduler 303 rmToGsMessage - Job with Job_id: 31 was completed from cluster@node311
18:29:03.861 DEBUG dcs.group8.models.GridScheduler 143 reportBusyCount - VO load status,node311,9,node310,0
18:29:03.861 INFO  dcs.group8.models.GridScheduler 200 run - Trying to reach other GSs to delegate this job
18:29:03.864 INFO  dcs.group8.models.GridScheduler 242 run - Removing Backup of job 55 from node307
18:29:03.875 INFO  dcs.group8.models.GridScheduler 265 run - Job successfully sent to gs@node306
18:29:04.268 INFO  dcs.group8.models.GridScheduler 303 rmToGsMessage - Job with Job_id: 35 was completed from cluster@node311
18:29:04.717 INFO  dcs.group8.models.GridScheduler 303 rmToGsMessage - Job with Job_id: 46 was completed from cluster@node311
18:29:04.721 INFO  dcs.group8.models.GridScheduler 491 gsToGsJobMessage - Job with Job_id: 68 was received from another GS
18:29:04.722 INFO  dcs.group8.models.GridScheduler 363 clientToGsMessage - Assigning Job with Job_id:68 to cluster@node311
18:29:04.725 INFO  dcs.group8.models.GridScheduler 375 clientToGsMessage - rm@node311 responded: Job accepted by the resource manager and assigned to a node
18:29:05.878 DEBUG dcs.group8.models.GridScheduler 143 reportBusyCount - VO load status,node311,8,node310,0
18:29:05.878 INFO  dcs.group8.models.GridScheduler 200 run - Trying to reach other GSs to delegate this job
18:29:05.881 INFO  dcs.group8.models.GridScheduler 242 run - Removing Backup of job 57 from node307
18:29:05.892 INFO  dcs.group8.models.GridScheduler 265 run - Job successfully sent to gs@node306
18:29:05.963 INFO  dcs.group8.models.GridScheduler 303 rmToGsMessage - Job with Job_id: 39 was completed from cluster@node311
18:29:06.696 INFO  dcs.group8.models.GridScheduler 303 rmToGsMessage - Job with Job_id: 48 was completed from cluster@node311
18:29:06.741 INFO  dcs.group8.models.GridScheduler 491 gsToGsJobMessage - Job with Job_id: 70 was received from another GS
18:29:06.741 INFO  dcs.group8.models.GridScheduler 363 clientToGsMessage - Assigning Job with Job_id:70 to cluster@node311
18:29:06.745 INFO  dcs.group8.models.GridScheduler 375 clientToGsMessage - rm@node311 responded: Job accepted by the resource manager and assigned to a node
18:29:07.894 DEBUG dcs.group8.models.GridScheduler 143 reportBusyCount - VO load status,node311,7,node310,0
18:29:07.895 INFO  dcs.group8.models.GridScheduler 200 run - Trying to reach other GSs to delegate this job
18:29:07.897 INFO  dcs.group8.models.GridScheduler 242 run - Removing Backup of job 59 from node307
18:29:07.908 INFO  dcs.group8.models.GridScheduler 265 run - Job successfully sent to gs@node306
18:29:08.660 DEBUG dcs.group8.models.GridScheduler 519 rmToGsStatusMessage - The current cluster url is :node311and looking for :node310
18:29:08.660 DEBUG dcs.group8.models.GridScheduler 519 rmToGsStatusMessage - The current cluster url is :node310and looking for :node310
18:29:08.660 DEBUG dcs.group8.models.GridScheduler 521 rmToGsStatusMessage - Cluster with hostname: node310was found!
18:29:08.660 DEBUG dcs.group8.models.GridScheduler 527 rmToGsStatusMessage - Setting the hasCrashed flag to false for cluster: node310
18:29:08.858 INFO  dcs.group8.models.GridScheduler 303 rmToGsMessage - Job with Job_id: 50 was completed from cluster@node311
18:29:08.961 INFO  dcs.group8.models.GridScheduler 491 gsToGsJobMessage - Job with Job_id: 72 was received from another GS
18:29:08.961 INFO  dcs.group8.models.GridScheduler 363 clientToGsMessage - Assigning Job with Job_id:72 to cluster@node310
18:29:08.976 INFO  dcs.group8.models.GridScheduler 375 clientToGsMessage - rm@node310 responded: Job accepted by the resource manager and assigned to a node
18:29:09.915 DEBUG dcs.group8.models.GridScheduler 143 reportBusyCount - VO load status,node311,6,node310,1
18:29:09.915 INFO  dcs.group8.models.GridScheduler 200 run - Trying to reach other GSs to delegate this job
18:29:09.917 INFO  dcs.group8.models.GridScheduler 242 run - Removing Backup of job 61 from node307
18:29:09.927 INFO  dcs.group8.models.GridScheduler 265 run - Job successfully sent to gs@node306
18:29:10.623 INFO  dcs.group8.models.GridScheduler 303 rmToGsMessage - Job with Job_id: 52 was completed from cluster@node311
18:29:10.991 INFO  dcs.group8.models.GridScheduler 491 gsToGsJobMessage - Job with Job_id: 74 was received from another GS
18:29:10.991 INFO  dcs.group8.models.GridScheduler 363 clientToGsMessage - Assigning Job with Job_id:74 to cluster@node310
18:29:11.063 INFO  dcs.group8.models.GridScheduler 375 clientToGsMessage - rm@node310 responded: Job accepted by the resource manager and assigned to a node
18:29:11.932 DEBUG dcs.group8.models.GridScheduler 143 reportBusyCount - VO load status,node311,5,node310,2
18:29:11.933 INFO  dcs.group8.models.GridScheduler 200 run - Trying to reach other GSs to delegate this job
18:29:11.935 INFO  dcs.group8.models.GridScheduler 242 run - Removing Backup of job 63 from node307
18:29:11.947 INFO  dcs.group8.models.GridScheduler 265 run - Job successfully sent to gs@node306
18:29:12.735 INFO  dcs.group8.models.GridScheduler 303 rmToGsMessage - Job with Job_id: 54 was completed from cluster@node311
18:29:13.078 INFO  dcs.group8.models.GridScheduler 491 gsToGsJobMessage - Job with Job_id: 76 was received from another GS
18:29:13.078 INFO  dcs.group8.models.GridScheduler 363 clientToGsMessage - Assigning Job with Job_id:76 to cluster@node310
18:29:13.083 INFO  dcs.group8.models.GridScheduler 375 clientToGsMessage - rm@node310 responded: Job accepted by the resource manager and assigned to a node
18:29:13.952 DEBUG dcs.group8.models.GridScheduler 143 reportBusyCount - VO load status,node311,4,node310,3
18:29:13.952 INFO  dcs.group8.models.GridScheduler 200 run - Trying to reach other GSs to delegate this job
18:29:13.955 INFO  dcs.group8.models.GridScheduler 242 run - Removing Backup of job 65 from node307
18:29:13.966 INFO  dcs.group8.models.GridScheduler 265 run - Job successfully sent to gs@node306
18:29:14.841 INFO  dcs.group8.models.GridScheduler 303 rmToGsMessage - Job with Job_id: 56 was completed from cluster@node311
18:29:15.097 INFO  dcs.group8.models.GridScheduler 491 gsToGsJobMessage - Job with Job_id: 78 was received from another GS
18:29:15.097 INFO  dcs.group8.models.GridScheduler 363 clientToGsMessage - Assigning Job with Job_id:78 to cluster@node311
18:29:15.102 INFO  dcs.group8.models.GridScheduler 375 clientToGsMessage - rm@node311 responded: Job accepted by the resource manager and assigned to a node
18:29:15.972 DEBUG dcs.group8.models.GridScheduler 143 reportBusyCount - VO load status,node311,4,node310,3
18:29:15.972 INFO  dcs.group8.models.GridScheduler 200 run - Trying to reach other GSs to delegate this job
18:29:15.975 INFO  dcs.group8.models.GridScheduler 242 run - Removing Backup of job 67 from node307
18:29:15.986 INFO  dcs.group8.models.GridScheduler 265 run - Job successfully sent to gs@node306
18:29:16.948 INFO  dcs.group8.models.GridScheduler 363 clientToGsMessage - Assigning Job with Job_id:121 to cluster@node310
18:29:16.952 INFO  dcs.group8.models.GridScheduler 375 clientToGsMessage - rm@node310 responded: Job accepted by the resource manager and assigned to a node
18:29:16.965 INFO  dcs.group8.models.GridScheduler 363 clientToGsMessage - Assigning Job with Job_id:123 to cluster@node311
18:29:16.969 INFO  dcs.group8.models.GridScheduler 375 clientToGsMessage - rm@node311 responded: Job accepted by the resource manager and assigned to a node
18:29:16.980 INFO  dcs.group8.models.GridScheduler 363 clientToGsMessage - Assigning Job with Job_id:125 to cluster@node310
18:29:16.984 INFO  dcs.group8.models.GridScheduler 375 clientToGsMessage - rm@node310 responded: Job accepted by the resource manager and assigned to a node
18:29:16.995 INFO  dcs.group8.models.GridScheduler 363 clientToGsMessage - Assigning Job with Job_id:127 to cluster@node311
18:29:16.999 INFO  dcs.group8.models.GridScheduler 375 clientToGsMessage - rm@node311 responded: Job accepted by the resource manager and assigned to a node
18:29:17.010 INFO  dcs.group8.models.GridScheduler 363 clientToGsMessage - Assigning Job with Job_id:129 to cluster@node310
18:29:17.014 INFO  dcs.group8.models.GridScheduler 375 clientToGsMessage - rm@node310 responded: Job accepted by the resource manager and assigned to a node
18:29:17.025 INFO  dcs.group8.models.GridScheduler 363 clientToGsMessage - Assigning Job with Job_id:131 to cluster@node311
18:29:17.029 INFO  dcs.group8.models.GridScheduler 375 clientToGsMessage - rm@node311 responded: Job accepted by the resource manager and assigned to a node
18:29:17.039 INFO  dcs.group8.models.GridScheduler 363 clientToGsMessage - Assigning Job with Job_id:133 to cluster@node310
18:29:17.043 INFO  dcs.group8.models.GridScheduler 375 clientToGsMessage - rm@node310 responded: Job accepted by the resource manager and assigned to a node
18:29:17.053 INFO  dcs.group8.models.GridScheduler 363 clientToGsMessage - Assigning Job with Job_id:135 to cluster@node311
18:29:17.057 INFO  dcs.group8.models.GridScheduler 375 clientToGsMessage - rm@node311 responded: Job accepted by the resource manager and assigned to a node
18:29:17.068 INFO  dcs.group8.models.GridScheduler 363 clientToGsMessage - Assigning Job with Job_id:137 to cluster@node310
18:29:17.072 INFO  dcs.group8.models.GridScheduler 375 clientToGsMessage - rm@node310 responded: Job accepted by the resource manager and assigned to a node
18:29:17.083 INFO  dcs.group8.models.GridScheduler 363 clientToGsMessage - Assigning Job with Job_id:139 to cluster@node311
18:29:17.086 INFO  dcs.group8.models.GridScheduler 375 clientToGsMessage - rm@node311 responded: Job accepted by the resource manager and assigned to a node
18:29:17.097 INFO  dcs.group8.models.GridScheduler 363 clientToGsMessage - Assigning Job with Job_id:141 to cluster@node310
18:29:17.101 INFO  dcs.group8.models.GridScheduler 375 clientToGsMessage - rm@node310 responded: Job accepted by the resource manager and assigned to a node
18:29:17.112 INFO  dcs.group8.models.GridScheduler 363 clientToGsMessage - Assigning Job with Job_id:143 to cluster@node311
18:29:17.116 INFO  dcs.group8.models.GridScheduler 375 clientToGsMessage - rm@node311 responded: Job accepted by the resource manager and assigned to a node
18:29:17.116 INFO  dcs.group8.models.GridScheduler 491 gsToGsJobMessage - Job with Job_id: 80 was received from another GS
18:29:17.116 INFO  dcs.group8.models.GridScheduler 363 clientToGsMessage - Assigning Job with Job_id:80 to cluster@node310
18:29:17.120 INFO  dcs.group8.models.GridScheduler 375 clientToGsMessage - rm@node310 responded: Job accepted by the resource manager and assigned to a node
18:29:17.126 INFO  dcs.group8.models.GridScheduler 397 clientToGsMessage - Job with job_id: 145 for client@10.141.3.31 is placed in the external jobs queue
18:29:17.126 INFO  dcs.group8.models.GridScheduler 407 clientToGsMessage - Backing up job 145 to node307
18:29:17.140 INFO  dcs.group8.models.GridScheduler 397 clientToGsMessage - Job with job_id: 147 for client@10.141.3.31 is placed in the external jobs queue
18:29:17.140 INFO  dcs.group8.models.GridScheduler 407 clientToGsMessage - Backing up job 147 to node307
18:29:17.154 INFO  dcs.group8.models.GridScheduler 397 clientToGsMessage - Job with job_id: 149 for client@10.141.3.31 is placed in the external jobs queue
18:29:17.154 INFO  dcs.group8.models.GridScheduler 407 clientToGsMessage - Backing up job 149 to node307
18:29:17.168 INFO  dcs.group8.models.GridScheduler 397 clientToGsMessage - Job with job_id: 151 for client@10.141.3.31 is placed in the external jobs queue
18:29:17.168 INFO  dcs.group8.models.GridScheduler 407 clientToGsMessage - Backing up job 151 to node307
18:29:17.181 INFO  dcs.group8.models.GridScheduler 397 clientToGsMessage - Job with job_id: 153 for client@10.141.3.31 is placed in the external jobs queue
18:29:17.182 INFO  dcs.group8.models.GridScheduler 407 clientToGsMessage - Backing up job 153 to node307
18:29:17.195 INFO  dcs.group8.models.GridScheduler 397 clientToGsMessage - Job with job_id: 155 for client@10.141.3.31 is placed in the external jobs queue
18:29:17.196 INFO  dcs.group8.models.GridScheduler 407 clientToGsMessage - Backing up job 155 to node307
18:29:17.210 INFO  dcs.group8.models.GridScheduler 397 clientToGsMessage - Job with job_id: 157 for client@10.141.3.31 is placed in the external jobs queue
18:29:17.210 INFO  dcs.group8.models.GridScheduler 407 clientToGsMessage - Backing up job 157 to node307
18:29:17.223 INFO  dcs.group8.models.GridScheduler 397 clientToGsMessage - Job with job_id: 159 for client@10.141.3.31 is placed in the external jobs queue
18:29:17.223 INFO  dcs.group8.models.GridScheduler 407 clientToGsMessage - Backing up job 159 to node307
18:29:17.991 DEBUG dcs.group8.models.GridScheduler 143 reportBusyCount - VO load status,node311,10,node310,10
18:29:17.992 INFO  dcs.group8.models.GridScheduler 200 run - Trying to reach other GSs to delegate this job
18:29:17.994 INFO  dcs.group8.models.GridScheduler 235 run - No other GS is willing to take the job
18:29:20.001 DEBUG dcs.group8.models.GridScheduler 143 reportBusyCount - VO load status,node311,10,node310,10
18:29:20.001 INFO  dcs.group8.models.GridScheduler 200 run - Trying to reach other GSs to delegate this job
18:29:20.004 INFO  dcs.group8.models.GridScheduler 242 run - Removing Backup of job 71 from node307
18:29:20.015 INFO  dcs.group8.models.GridScheduler 265 run - Job successfully sent to gs@node306
18:29:22.020 DEBUG dcs.group8.models.GridScheduler 143 reportBusyCount - VO load status,node311,10,node310,10
18:29:22.020 INFO  dcs.group8.models.GridScheduler 200 run - Trying to reach other GSs to delegate this job
18:29:22.023 INFO  dcs.group8.models.GridScheduler 242 run - Removing Backup of job 73 from node307
18:29:22.034 INFO  dcs.group8.models.GridScheduler 265 run - Job successfully sent to gs@node306
18:29:24.039 DEBUG dcs.group8.models.GridScheduler 143 reportBusyCount - VO load status,node311,10,node310,10
18:29:24.039 INFO  dcs.group8.models.GridScheduler 200 run - Trying to reach other GSs to delegate this job
18:29:24.042 INFO  dcs.group8.models.GridScheduler 242 run - Removing Backup of job 75 from node307
18:29:24.053 INFO  dcs.group8.models.GridScheduler 265 run - Job successfully sent to gs@node306
18:29:24.694 INFO  dcs.group8.models.GridScheduler 303 rmToGsMessage - Job with Job_id: 66 was completed from cluster@node311
18:29:25.160 INFO  dcs.group8.models.GridScheduler 491 gsToGsJobMessage - Job with Job_id: 110 was received from another GS
18:29:25.160 INFO  dcs.group8.models.GridScheduler 363 clientToGsMessage - Assigning Job with Job_id:110 to cluster@node311
18:29:25.164 INFO  dcs.group8.models.GridScheduler 375 clientToGsMessage - rm@node311 responded: Job accepted by the resource manager and assigned to a node
18:29:26.058 DEBUG dcs.group8.models.GridScheduler 143 reportBusyCount - VO load status,node311,10,node310,10
18:29:26.058 INFO  dcs.group8.models.GridScheduler 200 run - Trying to reach other GSs to delegate this job
18:29:26.061 INFO  dcs.group8.models.GridScheduler 242 run - Removing Backup of job 77 from node307
18:29:26.071 INFO  dcs.group8.models.GridScheduler 265 run - Job successfully sent to gs@node306
18:29:27.294 INFO  dcs.group8.models.GridScheduler 303 rmToGsMessage - Job with Job_id: 68 was completed from cluster@node311
18:29:28.077 DEBUG dcs.group8.models.GridScheduler 143 reportBusyCount - VO load status,node311,9,node310,10
18:29:28.077 INFO  dcs.group8.models.GridScheduler 200 run - Trying to reach other GSs to delegate this job
18:29:28.080 INFO  dcs.group8.models.GridScheduler 242 run - Removing Backup of job 79 from node307
18:29:28.091 INFO  dcs.group8.models.GridScheduler 265 run - Job successfully sent to gs@node306
18:29:29.187 INFO  dcs.group8.models.GridScheduler 491 gsToGsJobMessage - Job with Job_id: 114 was received from another GS
18:29:29.187 INFO  dcs.group8.models.GridScheduler 363 clientToGsMessage - Assigning Job with Job_id:114 to cluster@node311
18:29:29.192 INFO  dcs.group8.models.GridScheduler 375 clientToGsMessage - rm@node311 responded: Job accepted by the resource manager and assigned to a node
18:29:29.616 INFO  dcs.group8.models.GridScheduler 303 rmToGsMessage - Job with Job_id: 70 was completed from cluster@node311
18:29:30.096 DEBUG dcs.group8.models.GridScheduler 143 reportBusyCount - VO load status,node311,9,node310,10
18:29:30.096 INFO  dcs.group8.models.GridScheduler 200 run - Trying to reach other GSs to delegate this job
18:29:30.099 INFO  dcs.group8.models.GridScheduler 242 run - Removing Backup of job 27 from node307
18:29:30.109 INFO  dcs.group8.models.GridScheduler 265 run - Job successfully sent to gs@node306
18:29:31.000 INFO  dcs.group8.models.GridScheduler 303 rmToGsMessage - Job with Job_id: 72 was completed from cluster@node310
18:29:31.206 INFO  dcs.group8.models.GridScheduler 491 gsToGsJobMessage - Job with Job_id: 116 was received from another GS
18:29:31.206 INFO  dcs.group8.models.GridScheduler 363 clientToGsMessage - Assigning Job with Job_id:116 to cluster@node311
18:29:31.210 INFO  dcs.group8.models.GridScheduler 375 clientToGsMessage - rm@node311 responded: Job accepted by the resource manager and assigned to a node
18:29:32.115 DEBUG dcs.group8.models.GridScheduler 143 reportBusyCount - VO load status,node311,10,node310,9
18:29:32.115 INFO  dcs.group8.models.GridScheduler 200 run - Trying to reach other GSs to delegate this job
18:29:32.118 INFO  dcs.group8.models.GridScheduler 242 run - Removing Backup of job 15 from node307
18:29:32.328 INFO  dcs.group8.models.GridScheduler 265 run - Job successfully sent to gs@node306
18:29:33.224 INFO  dcs.group8.models.GridScheduler 491 gsToGsJobMessage - Job with Job_id: 118 was received from another GS
18:29:33.224 INFO  dcs.group8.models.GridScheduler 363 clientToGsMessage - Assigning Job with Job_id:118 to cluster@node310
18:29:33.228 INFO  dcs.group8.models.GridScheduler 375 clientToGsMessage - rm@node310 responded: Job accepted by the resource manager and assigned to a node
18:29:33.617 INFO  dcs.group8.models.GridScheduler 303 rmToGsMessage - Job with Job_id: 74 was completed from cluster@node310
18:29:34.333 DEBUG dcs.group8.models.GridScheduler 143 reportBusyCount - VO load status,node311,10,node310,9
18:29:34.334 INFO  dcs.group8.models.GridScheduler 200 run - Trying to reach other GSs to delegate this job
18:29:34.336 INFO  dcs.group8.models.GridScheduler 242 run - Removing Backup of job 42 from node307
18:29:34.347 INFO  dcs.group8.models.GridScheduler 265 run - Job successfully sent to gs@node306
18:29:35.243 INFO  dcs.group8.models.GridScheduler 491 gsToGsJobMessage - Job with Job_id: 120 was received from another GS
18:29:35.243 INFO  dcs.group8.models.GridScheduler 363 clientToGsMessage - Assigning Job with Job_id:120 to cluster@node310
18:29:35.247 INFO  dcs.group8.models.GridScheduler 375 clientToGsMessage - rm@node310 responded: Job accepted by the resource manager and assigned to a node
18:29:35.456 INFO  dcs.group8.models.GridScheduler 303 rmToGsMessage - Job with Job_id: 76 was completed from cluster@node310
18:29:36.353 DEBUG dcs.group8.models.GridScheduler 143 reportBusyCount - VO load status,node311,10,node310,9
18:29:36.353 INFO  dcs.group8.models.GridScheduler 200 run - Trying to reach other GSs to delegate this job
18:29:36.356 INFO  dcs.group8.models.GridScheduler 242 run - Removing Backup of job 58 from node307
18:29:36.366 INFO  dcs.group8.models.GridScheduler 265 run - Job successfully sent to gs@node306
18:29:37.262 INFO  dcs.group8.models.GridScheduler 491 gsToGsJobMessage - Job with Job_id: 124 was received from another GS
18:29:37.262 INFO  dcs.group8.models.GridScheduler 363 clientToGsMessage - Assigning Job with Job_id:124 to cluster@node310
18:29:37.266 INFO  dcs.group8.models.GridScheduler 375 clientToGsMessage - rm@node310 responded: Job accepted by the resource manager and assigned to a node
18:29:38.032 INFO  dcs.group8.models.GridScheduler 303 rmToGsMessage - Job with Job_id: 78 was completed from cluster@node311
18:29:38.372 DEBUG dcs.group8.models.GridScheduler 143 reportBusyCount - VO load status,node311,9,node310,10
18:29:38.372 INFO  dcs.group8.models.GridScheduler 200 run - Trying to reach other GSs to delegate this job
18:29:38.375 INFO  dcs.group8.models.GridScheduler 242 run - Removing Backup of job 60 from node307
18:29:38.386 INFO  dcs.group8.models.GridScheduler 265 run - Job successfully sent to gs@node306
18:29:39.041 INFO  dcs.group8.models.GridScheduler 303 rmToGsMessage - Job with Job_id: 131 was completed from cluster@node311
18:29:39.138 INFO  dcs.group8.models.GridScheduler 303 rmToGsMessage - Job with Job_id: 121 was completed from cluster@node310
18:29:39.281 INFO  dcs.group8.models.GridScheduler 491 gsToGsJobMessage - Job with Job_id: 126 was received from another GS
18:29:39.281 INFO  dcs.group8.models.GridScheduler 363 clientToGsMessage - Assigning Job with Job_id:126 to cluster@node311
18:29:39.285 INFO  dcs.group8.models.GridScheduler 375 clientToGsMessage - rm@node311 responded: Job accepted by the resource manager and assigned to a node
18:29:39.298 INFO  dcs.group8.models.GridScheduler 303 rmToGsMessage - Job with Job_id: 137 was completed from cluster@node310
18:29:39.301 INFO  dcs.group8.models.GridScheduler 303 rmToGsMessage - Job with Job_id: 135 was completed from cluster@node311
18:29:39.330 INFO  dcs.group8.models.GridScheduler 303 rmToGsMessage - Job with Job_id: 129 was completed from cluster@node310
18:29:39.379 INFO  dcs.group8.models.GridScheduler 303 rmToGsMessage - Job with Job_id: 143 was completed from cluster@node311
18:29:39.405 INFO  dcs.group8.models.GridScheduler 303 rmToGsMessage - Job with Job_id: 133 was completed from cluster@node310
18:29:39.454 INFO  dcs.group8.models.GridScheduler 303 rmToGsMessage - Job with Job_id: 125 was completed from cluster@node310
18:29:39.480 INFO  dcs.group8.models.GridScheduler 303 rmToGsMessage - Job with Job_id: 127 was completed from cluster@node311
18:29:39.492 INFO  dcs.group8.models.GridScheduler 303 rmToGsMessage - Job with Job_id: 80 was completed from cluster@node310
18:29:39.542 INFO  dcs.group8.models.GridScheduler 303 rmToGsMessage - Job with Job_id: 123 was completed from cluster@node311
18:29:39.584 INFO  dcs.group8.models.GridScheduler 303 rmToGsMessage - Job with Job_id: 141 was completed from cluster@node310
18:29:40.058 INFO  dcs.group8.models.GridScheduler 303 rmToGsMessage - Job with Job_id: 139 was completed from cluster@node311
18:29:40.391 DEBUG dcs.group8.models.GridScheduler 143 reportBusyCount - VO load status,node311,4,node310,3
18:29:40.391 INFO  dcs.group8.models.GridScheduler 200 run - Trying to reach other GSs to delegate this job
18:29:40.394 INFO  dcs.group8.models.GridScheduler 242 run - Removing Backup of job 81 from node307
18:29:40.405 INFO  dcs.group8.models.GridScheduler 265 run - Job successfully sent to gs@node306
18:29:41.300 INFO  dcs.group8.models.GridScheduler 491 gsToGsJobMessage - Job with Job_id: 128 was received from another GS
18:29:41.300 INFO  dcs.group8.models.GridScheduler 363 clientToGsMessage - Assigning Job with Job_id:128 to cluster@node310
18:29:41.304 INFO  dcs.group8.models.GridScheduler 375 clientToGsMessage - rm@node310 responded: Job accepted by the resource manager and assigned to a node
18:29:42.410 DEBUG dcs.group8.models.GridScheduler 143 reportBusyCount - VO load status,node311,4,node310,4
18:29:42.410 INFO  dcs.group8.models.GridScheduler 200 run - Trying to reach other GSs to delegate this job
18:29:42.413 INFO  dcs.group8.models.GridScheduler 242 run - Removing Backup of job 83 from node307
18:29:42.423 INFO  dcs.group8.models.GridScheduler 265 run - Job successfully sent to gs@node306
18:29:43.319 INFO  dcs.group8.models.GridScheduler 491 gsToGsJobMessage - Job with Job_id: 130 was received from another GS
18:29:43.319 INFO  dcs.group8.models.GridScheduler 363 clientToGsMessage - Assigning Job with Job_id:130 to cluster@node311
18:29:43.323 INFO  dcs.group8.models.GridScheduler 375 clientToGsMessage - rm@node311 responded: Job accepted by the resource manager and assigned to a node
18:29:44.428 DEBUG dcs.group8.models.GridScheduler 143 reportBusyCount - VO load status,node311,5,node310,4
18:29:44.429 INFO  dcs.group8.models.GridScheduler 200 run - Trying to reach other GSs to delegate this job
18:29:44.431 INFO  dcs.group8.models.GridScheduler 242 run - Removing Backup of job 85 from node307
18:29:44.442 INFO  dcs.group8.models.GridScheduler 265 run - Job successfully sent to gs@node306
18:29:45.337 INFO  dcs.group8.models.GridScheduler 491 gsToGsJobMessage - Job with Job_id: 132 was received from another GS
18:29:45.337 INFO  dcs.group8.models.GridScheduler 363 clientToGsMessage - Assigning Job with Job_id:132 to cluster@node310
18:29:45.341 INFO  dcs.group8.models.GridScheduler 375 clientToGsMessage - rm@node310 responded: Job accepted by the resource manager and assigned to a node
18:29:46.447 DEBUG dcs.group8.models.GridScheduler 143 reportBusyCount - VO load status,node311,5,node310,5
18:29:46.447 INFO  dcs.group8.models.GridScheduler 200 run - Trying to reach other GSs to delegate this job
18:29:46.450 INFO  dcs.group8.models.GridScheduler 242 run - Removing Backup of job 87 from node307
18:29:46.460 INFO  dcs.group8.models.GridScheduler 265 run - Job successfully sent to gs@node306
18:29:47.356 INFO  dcs.group8.models.GridScheduler 491 gsToGsJobMessage - Job with Job_id: 134 was received from another GS
18:29:47.356 INFO  dcs.group8.models.GridScheduler 363 clientToGsMessage - Assigning Job with Job_id:134 to cluster@node311
18:29:47.360 INFO  dcs.group8.models.GridScheduler 375 clientToGsMessage - rm@node311 responded: Job accepted by the resource manager and assigned to a node
18:29:47.829 INFO  dcs.group8.models.GridScheduler 303 rmToGsMessage - Job with Job_id: 110 was completed from cluster@node311
18:29:48.465 DEBUG dcs.group8.models.GridScheduler 143 reportBusyCount - VO load status,node311,5,node310,5
18:29:48.466 INFO  dcs.group8.models.GridScheduler 200 run - Trying to reach other GSs to delegate this job
18:29:48.468 INFO  dcs.group8.models.GridScheduler 242 run - Removing Backup of job 89 from node307
18:29:48.479 INFO  dcs.group8.models.GridScheduler 265 run - Job successfully sent to gs@node306
18:29:49.375 INFO  dcs.group8.models.GridScheduler 491 gsToGsJobMessage - Job with Job_id: 136 was received from another GS
18:29:49.375 INFO  dcs.group8.models.GridScheduler 363 clientToGsMessage - Assigning Job with Job_id:136 to cluster@node311
18:29:49.379 INFO  dcs.group8.models.GridScheduler 375 clientToGsMessage - rm@node311 responded: Job accepted by the resource manager and assigned to a node
18:29:50.485 DEBUG dcs.group8.models.GridScheduler 143 reportBusyCount - VO load status,node311,6,node310,5
18:29:50.485 INFO  dcs.group8.models.GridScheduler 200 run - Trying to reach other GSs to delegate this job
18:29:50.488 INFO  dcs.group8.models.GridScheduler 242 run - Removing Backup of job 91 from node307
18:29:50.498 INFO  dcs.group8.models.GridScheduler 265 run - Job successfully sent to gs@node306
18:29:51.394 INFO  dcs.group8.models.GridScheduler 491 gsToGsJobMessage - Job with Job_id: 138 was received from another GS
18:29:51.394 INFO  dcs.group8.models.GridScheduler 363 clientToGsMessage - Assigning Job with Job_id:138 to cluster@node310
18:29:51.398 INFO  dcs.group8.models.GridScheduler 375 clientToGsMessage - rm@node310 responded: Job accepted by the resource manager and assigned to a node
18:29:51.436 INFO  dcs.group8.models.GridScheduler 303 rmToGsMessage - Job with Job_id: 114 was completed from cluster@node311
18:29:52.504 DEBUG dcs.group8.models.GridScheduler 143 reportBusyCount - VO load status,node311,5,node310,6
18:29:52.504 INFO  dcs.group8.models.GridScheduler 200 run - Trying to reach other GSs to delegate this job
18:29:52.507 INFO  dcs.group8.models.GridScheduler 242 run - Removing Backup of job 93 from node307
18:29:52.517 INFO  dcs.group8.models.GridScheduler 265 run - Job successfully sent to gs@node306
18:29:53.413 INFO  dcs.group8.models.GridScheduler 491 gsToGsJobMessage - Job with Job_id: 140 was received from another GS
18:29:53.413 INFO  dcs.group8.models.GridScheduler 363 clientToGsMessage - Assigning Job with Job_id:140 to cluster@node311
18:29:53.418 INFO  dcs.group8.models.GridScheduler 375 clientToGsMessage - rm@node311 responded: Job accepted by the resource manager and assigned to a node
18:29:54.038 INFO  dcs.group8.models.GridScheduler 303 rmToGsMessage - Job with Job_id: 116 was completed from cluster@node311
18:29:54.523 DEBUG dcs.group8.models.GridScheduler 143 reportBusyCount - VO load status,node311,5,node310,6
18:29:54.523 INFO  dcs.group8.models.GridScheduler 200 run - Trying to reach other GSs to delegate this job
18:29:54.526 INFO  dcs.group8.models.GridScheduler 242 run - Removing Backup of job 95 from node307
18:29:54.536 INFO  dcs.group8.models.GridScheduler 265 run - Job successfully sent to gs@node306
18:29:55.432 INFO  dcs.group8.models.GridScheduler 491 gsToGsJobMessage - Job with Job_id: 142 was received from another GS
18:29:55.432 INFO  dcs.group8.models.GridScheduler 363 clientToGsMessage - Assigning Job with Job_id:142 to cluster@node311
18:29:55.436 INFO  dcs.group8.models.GridScheduler 375 clientToGsMessage - rm@node311 responded: Job accepted by the resource manager and assigned to a node
18:29:56.130 INFO  dcs.group8.models.GridScheduler 303 rmToGsMessage - Job with Job_id: 118 was completed from cluster@node310
18:29:56.542 DEBUG dcs.group8.models.GridScheduler 143 reportBusyCount - VO load status,node311,6,node310,5
18:29:56.542 INFO  dcs.group8.models.GridScheduler 200 run - Trying to reach other GSs to delegate this job
18:29:56.544 INFO  dcs.group8.models.GridScheduler 242 run - Removing Backup of job 97 from node307
18:29:56.555 INFO  dcs.group8.models.GridScheduler 265 run - Job successfully sent to gs@node306
18:29:57.450 INFO  dcs.group8.models.GridScheduler 491 gsToGsJobMessage - Job with Job_id: 144 was received from another GS
18:29:57.450 INFO  dcs.group8.models.GridScheduler 363 clientToGsMessage - Assigning Job with Job_id:144 to cluster@node310
18:29:57.454 INFO  dcs.group8.models.GridScheduler 375 clientToGsMessage - rm@node310 responded: Job accepted by the resource manager and assigned to a node
18:29:58.010 INFO  dcs.group8.models.GridScheduler 303 rmToGsMessage - Job with Job_id: 120 was completed from cluster@node310
18:29:58.561 DEBUG dcs.group8.models.GridScheduler 143 reportBusyCount - VO load status,node311,6,node310,5
18:29:58.561 INFO  dcs.group8.models.GridScheduler 200 run - Trying to reach other GSs to delegate this job
18:29:58.563 INFO  dcs.group8.models.GridScheduler 242 run - Removing Backup of job 99 from node307
18:29:58.574 INFO  dcs.group8.models.GridScheduler 265 run - Job successfully sent to gs@node306
18:29:59.468 INFO  dcs.group8.models.GridScheduler 491 gsToGsJobMessage - Job with Job_id: 146 was received from another GS
18:29:59.468 INFO  dcs.group8.models.GridScheduler 363 clientToGsMessage - Assigning Job with Job_id:146 to cluster@node310
18:29:59.472 INFO  dcs.group8.models.GridScheduler 375 clientToGsMessage - rm@node310 responded: Job accepted by the resource manager and assigned to a node
18:29:59.793 INFO  dcs.group8.models.GridScheduler 303 rmToGsMessage - Job with Job_id: 124 was completed from cluster@node310
18:30:00.579 DEBUG dcs.group8.models.GridScheduler 143 reportBusyCount - VO load status,node311,6,node310,5
18:30:00.580 INFO  dcs.group8.models.GridScheduler 200 run - Trying to reach other GSs to delegate this job
18:30:00.583 INFO  dcs.group8.models.GridScheduler 242 run - Removing Backup of job 101 from node307
18:30:00.594 INFO  dcs.group8.models.GridScheduler 265 run - Job successfully sent to gs@node306
18:30:01.488 INFO  dcs.group8.models.GridScheduler 491 gsToGsJobMessage - Job with Job_id: 148 was received from another GS
18:30:01.488 INFO  dcs.group8.models.GridScheduler 363 clientToGsMessage - Assigning Job with Job_id:148 to cluster@node310
18:30:01.492 INFO  dcs.group8.models.GridScheduler 375 clientToGsMessage - rm@node310 responded: Job accepted by the resource manager and assigned to a node
18:30:01.952 INFO  dcs.group8.models.GridScheduler 303 rmToGsMessage - Job with Job_id: 126 was completed from cluster@node311
18:30:02.599 DEBUG dcs.group8.models.GridScheduler 143 reportBusyCount - VO load status,node311,5,node310,6
18:30:02.599 INFO  dcs.group8.models.GridScheduler 200 run - Trying to reach other GSs to delegate this job
18:30:02.602 INFO  dcs.group8.models.GridScheduler 242 run - Removing Backup of job 103 from node307
18:30:02.613 INFO  dcs.group8.models.GridScheduler 265 run - Job successfully sent to gs@node306
18:30:03.507 INFO  dcs.group8.models.GridScheduler 491 gsToGsJobMessage - Job with Job_id: 150 was received from another GS
18:30:03.507 INFO  dcs.group8.models.GridScheduler 363 clientToGsMessage - Assigning Job with Job_id:150 to cluster@node311
18:30:03.511 INFO  dcs.group8.models.GridScheduler 375 clientToGsMessage - rm@node311 responded: Job accepted by the resource manager and assigned to a node
18:30:04.109 INFO  dcs.group8.models.GridScheduler 303 rmToGsMessage - Job with Job_id: 128 was completed from cluster@node310
18:30:04.618 DEBUG dcs.group8.models.GridScheduler 143 reportBusyCount - VO load status,node311,6,node310,5
18:30:04.618 INFO  dcs.group8.models.GridScheduler 200 run - Trying to reach other GSs to delegate this job
18:30:04.621 INFO  dcs.group8.models.GridScheduler 242 run - Removing Backup of job 105 from node307
18:30:04.632 INFO  dcs.group8.models.GridScheduler 265 run - Job successfully sent to gs@node306
18:30:05.526 INFO  dcs.group8.models.GridScheduler 491 gsToGsJobMessage - Job with Job_id: 152 was received from another GS
18:30:05.526 INFO  dcs.group8.models.GridScheduler 363 clientToGsMessage - Assigning Job with Job_id:152 to cluster@node310
18:30:05.530 INFO  dcs.group8.models.GridScheduler 375 clientToGsMessage - rm@node310 responded: Job accepted by the resource manager and assigned to a node
18:30:05.651 INFO  dcs.group8.models.GridScheduler 303 rmToGsMessage - Job with Job_id: 130 was completed from cluster@node311
18:30:06.637 DEBUG dcs.group8.models.GridScheduler 143 reportBusyCount - VO load status,node311,5,node310,6
18:30:06.637 INFO  dcs.group8.models.GridScheduler 200 run - Trying to reach other GSs to delegate this job
18:30:06.640 INFO  dcs.group8.models.GridScheduler 242 run - Removing Backup of job 107 from node307
18:30:06.650 INFO  dcs.group8.models.GridScheduler 265 run - Job successfully sent to gs@node306
18:30:07.368 INFO  dcs.group8.models.GridScheduler 303 rmToGsMessage - Job with Job_id: 132 was completed from cluster@node310
18:30:07.544 INFO  dcs.group8.models.GridScheduler 491 gsToGsJobMessage - Job with Job_id: 154 was received from another GS
18:30:07.545 INFO  dcs.group8.models.GridScheduler 363 clientToGsMessage - Assigning Job with Job_id:154 to cluster@node311
18:30:07.548 INFO  dcs.group8.models.GridScheduler 375 clientToGsMessage - rm@node311 responded: Job accepted by the resource manager and assigned to a node
18:30:08.655 DEBUG dcs.group8.models.GridScheduler 143 reportBusyCount - VO load status,node311,6,node310,5
18:30:08.656 INFO  dcs.group8.models.GridScheduler 200 run - Trying to reach other GSs to delegate this job
18:30:08.658 INFO  dcs.group8.models.GridScheduler 242 run - Removing Backup of job 109 from node307
18:30:08.669 INFO  dcs.group8.models.GridScheduler 265 run - Job successfully sent to gs@node306
18:30:09.563 INFO  dcs.group8.models.GridScheduler 491 gsToGsJobMessage - Job with Job_id: 156 was received from another GS
18:30:09.563 INFO  dcs.group8.models.GridScheduler 363 clientToGsMessage - Assigning Job with Job_id:156 to cluster@node310
18:30:09.567 INFO  dcs.group8.models.GridScheduler 375 clientToGsMessage - rm@node310 responded: Job accepted by the resource manager and assigned to a node
18:30:10.199 INFO  dcs.group8.models.GridScheduler 303 rmToGsMessage - Job with Job_id: 134 was completed from cluster@node311
18:30:10.674 DEBUG dcs.group8.models.GridScheduler 143 reportBusyCount - VO load status,node311,5,node310,6
18:30:10.674 INFO  dcs.group8.models.GridScheduler 200 run - Trying to reach other GSs to delegate this job
18:30:10.677 INFO  dcs.group8.models.GridScheduler 242 run - Removing Backup of job 111 from node307
18:30:10.687 INFO  dcs.group8.models.GridScheduler 265 run - Job successfully sent to gs@node306
18:30:11.582 INFO  dcs.group8.models.GridScheduler 491 gsToGsJobMessage - Job with Job_id: 158 was received from another GS
18:30:11.582 INFO  dcs.group8.models.GridScheduler 363 clientToGsMessage - Assigning Job with Job_id:158 to cluster@node311
18:30:11.586 INFO  dcs.group8.models.GridScheduler 375 clientToGsMessage - rm@node311 responded: Job accepted by the resource manager and assigned to a node
18:30:11.862 INFO  dcs.group8.models.GridScheduler 303 rmToGsMessage - Job with Job_id: 136 was completed from cluster@node311
18:30:12.692 DEBUG dcs.group8.models.GridScheduler 143 reportBusyCount - VO load status,node311,5,node310,6
18:30:12.693 INFO  dcs.group8.models.GridScheduler 200 run - Trying to reach other GSs to delegate this job
18:30:12.695 INFO  dcs.group8.models.GridScheduler 242 run - Removing Backup of job 113 from node307
18:30:12.705 INFO  dcs.group8.models.GridScheduler 265 run - Job successfully sent to gs@node306
18:30:13.600 INFO  dcs.group8.models.GridScheduler 491 gsToGsJobMessage - Job with Job_id: 160 was received from another GS
18:30:13.601 INFO  dcs.group8.models.GridScheduler 363 clientToGsMessage - Assigning Job with Job_id:160 to cluster@node311
18:30:13.605 INFO  dcs.group8.models.GridScheduler 375 clientToGsMessage - rm@node311 responded: Job accepted by the resource manager and assigned to a node
18:30:14.170 INFO  dcs.group8.models.GridScheduler 303 rmToGsMessage - Job with Job_id: 138 was completed from cluster@node310
18:30:14.738 DEBUG dcs.group8.models.GridScheduler 143 reportBusyCount - VO load status,node311,6,node310,5
18:30:14.738 INFO  dcs.group8.models.GridScheduler 200 run - Trying to reach other GSs to delegate this job
18:30:14.741 INFO  dcs.group8.models.GridScheduler 242 run - Removing Backup of job 115 from node307
18:30:14.751 INFO  dcs.group8.models.GridScheduler 265 run - Job successfully sent to gs@node306
18:30:15.619 INFO  dcs.group8.models.GridScheduler 491 gsToGsJobMessage - Job with Job_id: 104 was received from another GS
18:30:15.619 INFO  dcs.group8.models.GridScheduler 363 clientToGsMessage - Assigning Job with Job_id:104 to cluster@node310
18:30:15.623 INFO  dcs.group8.models.GridScheduler 375 clientToGsMessage - rm@node310 responded: Job accepted by the resource manager and assigned to a node
18:30:15.661 INFO  dcs.group8.models.GridScheduler 303 rmToGsMessage - Job with Job_id: 140 was completed from cluster@node311
18:30:16.757 DEBUG dcs.group8.models.GridScheduler 143 reportBusyCount - VO load status,node311,5,node310,6
18:30:16.757 INFO  dcs.group8.models.GridScheduler 200 run - Trying to reach other GSs to delegate this job
18:30:16.759 INFO  dcs.group8.models.GridScheduler 242 run - Removing Backup of job 117 from node307
18:30:16.770 INFO  dcs.group8.models.GridScheduler 265 run - Job successfully sent to gs@node306
18:30:17.637 INFO  dcs.group8.models.GridScheduler 491 gsToGsJobMessage - Job with Job_id: 106 was received from another GS
18:30:17.637 INFO  dcs.group8.models.GridScheduler 363 clientToGsMessage - Assigning Job with Job_id:106 to cluster@node311
18:30:17.641 INFO  dcs.group8.models.GridScheduler 375 clientToGsMessage - rm@node311 responded: Job accepted by the resource manager and assigned to a node
18:30:18.134 INFO  dcs.group8.models.GridScheduler 303 rmToGsMessage - Job with Job_id: 142 was completed from cluster@node311
18:30:18.775 DEBUG dcs.group8.models.GridScheduler 143 reportBusyCount - VO load status,node311,5,node310,6
18:30:18.775 INFO  dcs.group8.models.GridScheduler 200 run - Trying to reach other GSs to delegate this job
18:30:18.778 INFO  dcs.group8.models.GridScheduler 242 run - Removing Backup of job 119 from node307
18:30:18.788 INFO  dcs.group8.models.GridScheduler 265 run - Job successfully sent to gs@node306
18:30:19.856 INFO  dcs.group8.models.GridScheduler 491 gsToGsJobMessage - Job with Job_id: 108 was received from another GS
18:30:19.856 INFO  dcs.group8.models.GridScheduler 363 clientToGsMessage - Assigning Job with Job_id:108 to cluster@node311
18:30:19.860 INFO  dcs.group8.models.GridScheduler 375 clientToGsMessage - rm@node311 responded: Job accepted by the resource manager and assigned to a node
18:30:20.023 INFO  dcs.group8.models.GridScheduler 303 rmToGsMessage - Job with Job_id: 144 was completed from cluster@node310
18:30:20.793 DEBUG dcs.group8.models.GridScheduler 143 reportBusyCount - VO load status,node311,6,node310,5
18:30:20.793 INFO  dcs.group8.models.GridScheduler 200 run - Trying to reach other GSs to delegate this job
18:30:20.796 INFO  dcs.group8.models.GridScheduler 242 run - Removing Backup of job 49 from node307
18:30:20.806 INFO  dcs.group8.models.GridScheduler 265 run - Job successfully sent to gs@node306
18:30:21.622 INFO  dcs.group8.models.GridScheduler 303 rmToGsMessage - Job with Job_id: 146 was completed from cluster@node310
18:30:21.874 INFO  dcs.group8.models.GridScheduler 491 gsToGsJobMessage - Job with Job_id: 112 was received from another GS
18:30:21.874 INFO  dcs.group8.models.GridScheduler 363 clientToGsMessage - Assigning Job with Job_id:112 to cluster@node310
18:30:21.878 INFO  dcs.group8.models.GridScheduler 375 clientToGsMessage - rm@node310 responded: Job accepted by the resource manager and assigned to a node
18:30:22.812 DEBUG dcs.group8.models.GridScheduler 143 reportBusyCount - VO load status,node311,6,node310,5
18:30:22.812 INFO  dcs.group8.models.GridScheduler 200 run - Trying to reach other GSs to delegate this job
18:30:22.814 INFO  dcs.group8.models.GridScheduler 242 run - Removing Backup of job 62 from node307
18:30:22.825 INFO  dcs.group8.models.GridScheduler 265 run - Job successfully sent to gs@node306
18:30:24.017 INFO  dcs.group8.models.GridScheduler 303 rmToGsMessage - Job with Job_id: 148 was completed from cluster@node310
18:30:24.830 DEBUG dcs.group8.models.GridScheduler 143 reportBusyCount - VO load status,node311,6,node310,4
18:30:24.830 INFO  dcs.group8.models.GridScheduler 200 run - Trying to reach other GSs to delegate this job
18:30:24.833 INFO  dcs.group8.models.GridScheduler 242 run - Removing Backup of job 51 from node307
18:30:24.843 INFO  dcs.group8.models.GridScheduler 265 run - Job successfully sent to gs@node306
18:30:25.665 INFO  dcs.group8.models.GridScheduler 303 rmToGsMessage - Job with Job_id: 150 was completed from cluster@node311
18:30:26.848 DEBUG dcs.group8.models.GridScheduler 143 reportBusyCount - VO load status,node311,5,node310,4
18:30:26.848 INFO  dcs.group8.models.GridScheduler 200 run - Trying to reach other GSs to delegate this job
18:30:26.850 INFO  dcs.group8.models.GridScheduler 242 run - Removing Backup of job 64 from node307
18:30:26.861 INFO  dcs.group8.models.GridScheduler 265 run - Job successfully sent to gs@node306
18:30:28.387 INFO  dcs.group8.models.GridScheduler 303 rmToGsMessage - Job with Job_id: 152 was completed from cluster@node310
18:30:28.866 DEBUG dcs.group8.models.GridScheduler 143 reportBusyCount - VO load status,node311,5,node310,3
18:30:28.866 INFO  dcs.group8.models.GridScheduler 200 run - Trying to reach other GSs to delegate this job
18:30:28.869 INFO  dcs.group8.models.GridScheduler 242 run - Removing Backup of job 53 from node307
18:30:28.879 INFO  dcs.group8.models.GridScheduler 265 run - Job successfully sent to gs@node306
18:30:29.791 INFO  dcs.group8.models.GridScheduler 303 rmToGsMessage - Job with Job_id: 154 was completed from cluster@node311
18:30:30.885 DEBUG dcs.group8.models.GridScheduler 143 reportBusyCount - VO load status,node311,4,node310,3
18:30:30.885 INFO  dcs.group8.models.GridScheduler 200 run - Trying to reach other GSs to delegate this job
18:30:30.887 INFO  dcs.group8.models.GridScheduler 242 run - Removing Backup of job 145 from node307
18:30:30.898 INFO  dcs.group8.models.GridScheduler 265 run - Job successfully sent to gs@node306
18:30:31.874 INFO  dcs.group8.models.GridScheduler 303 rmToGsMessage - Job with Job_id: 156 was completed from cluster@node310
18:30:32.903 DEBUG dcs.group8.models.GridScheduler 143 reportBusyCount - VO load status,node311,4,node310,2
18:30:32.903 INFO  dcs.group8.models.GridScheduler 200 run - Trying to reach other GSs to delegate this job
18:30:32.906 INFO  dcs.group8.models.GridScheduler 242 run - Removing Backup of job 147 from node307
18:30:32.916 INFO  dcs.group8.models.GridScheduler 265 run - Job successfully sent to gs@node306
18:30:34.174 INFO  dcs.group8.models.GridScheduler 303 rmToGsMessage - Job with Job_id: 158 was completed from cluster@node311
18:30:34.921 DEBUG dcs.group8.models.GridScheduler 143 reportBusyCount - VO load status,node311,3,node310,2
18:30:34.922 INFO  dcs.group8.models.GridScheduler 200 run - Trying to reach other GSs to delegate this job
18:30:34.924 INFO  dcs.group8.models.GridScheduler 242 run - Removing Backup of job 149 from node307
18:30:34.935 INFO  dcs.group8.models.GridScheduler 265 run - Job successfully sent to gs@node306
18:30:36.112 INFO  dcs.group8.models.GridScheduler 303 rmToGsMessage - Job with Job_id: 160 was completed from cluster@node311
18:30:36.940 DEBUG dcs.group8.models.GridScheduler 143 reportBusyCount - VO load status,node311,2,node310,2
18:30:36.940 INFO  dcs.group8.models.GridScheduler 200 run - Trying to reach other GSs to delegate this job
18:30:36.943 INFO  dcs.group8.models.GridScheduler 242 run - Removing Backup of job 151 from node307
18:30:36.953 INFO  dcs.group8.models.GridScheduler 265 run - Job successfully sent to gs@node306
18:30:38.522 INFO  dcs.group8.models.GridScheduler 303 rmToGsMessage - Job with Job_id: 104 was completed from cluster@node310
18:30:38.958 DEBUG dcs.group8.models.GridScheduler 143 reportBusyCount - VO load status,node311,2,node310,1
18:30:38.958 INFO  dcs.group8.models.GridScheduler 200 run - Trying to reach other GSs to delegate this job
18:30:38.961 INFO  dcs.group8.models.GridScheduler 242 run - Removing Backup of job 153 from node307
18:30:38.971 INFO  dcs.group8.models.GridScheduler 265 run - Job successfully sent to gs@node306
18:30:40.440 INFO  dcs.group8.models.GridScheduler 303 rmToGsMessage - Job with Job_id: 106 was completed from cluster@node311
18:30:40.976 DEBUG dcs.group8.models.GridScheduler 143 reportBusyCount - VO load status,node311,1,node310,1
18:30:40.976 INFO  dcs.group8.models.GridScheduler 200 run - Trying to reach other GSs to delegate this job
18:30:40.978 INFO  dcs.group8.models.GridScheduler 242 run - Removing Backup of job 155 from node307
18:30:40.989 INFO  dcs.group8.models.GridScheduler 265 run - Job successfully sent to gs@node306
18:30:41.878 INFO  dcs.group8.models.GridScheduler 303 rmToGsMessage - Job with Job_id: 108 was completed from cluster@node311
18:30:42.994 DEBUG dcs.group8.models.GridScheduler 143 reportBusyCount - VO load status,node311,0,node310,1
18:30:42.994 INFO  dcs.group8.models.GridScheduler 200 run - Trying to reach other GSs to delegate this job
18:30:42.997 INFO  dcs.group8.models.GridScheduler 242 run - Removing Backup of job 157 from node307
18:30:43.007 INFO  dcs.group8.models.GridScheduler 265 run - Job successfully sent to gs@node306
18:30:44.482 INFO  dcs.group8.models.GridScheduler 303 rmToGsMessage - Job with Job_id: 112 was completed from cluster@node310
18:30:45.012 DEBUG dcs.group8.models.GridScheduler 143 reportBusyCount - VO load status,node311,0,node310,0
18:30:45.012 INFO  dcs.group8.models.GridScheduler 200 run - Trying to reach other GSs to delegate this job
18:30:45.015 INFO  dcs.group8.models.GridScheduler 242 run - Removing Backup of job 159 from node307
18:30:45.025 INFO  dcs.group8.models.GridScheduler 265 run - Job successfully sent to gs@node306
18:30:47.030 DEBUG dcs.group8.models.GridScheduler 143 reportBusyCount - VO load status,node311,0,node310,0
18:30:47.031 INFO  dcs.group8.models.GridScheduler 200 run - Trying to reach other GSs to delegate this job
18:30:47.033 INFO  dcs.group8.models.GridScheduler 242 run - Removing Backup of job 69 from node307
18:30:47.044 INFO  dcs.group8.models.GridScheduler 265 run - Job successfully sent to gs@node306
18:30:49.049 DEBUG dcs.group8.models.GridScheduler 143 reportBusyCount - VO load status,node311,0,node310,0
18:30:51.054 DEBUG dcs.group8.models.GridScheduler 143 reportBusyCount - VO load status,node311,0,node310,0
18:30:53.059 DEBUG dcs.group8.models.GridScheduler 143 reportBusyCount - VO load status,node311,0,node310,0
18:30:55.064 DEBUG dcs.group8.models.GridScheduler 143 reportBusyCount - VO load status,node311,0,node310,0
18:30:57.069 DEBUG dcs.group8.models.GridScheduler 143 reportBusyCount - VO load status,node311,0,node310,0
18:30:59.074 DEBUG dcs.group8.models.GridScheduler 143 reportBusyCount - VO load status,node311,0,node310,0
18:31:01.079 DEBUG dcs.group8.models.GridScheduler 143 reportBusyCount - VO load status,node311,0,node310,0
18:31:03.085 DEBUG dcs.group8.models.GridScheduler 143 reportBusyCount - VO load status,node311,0,node310,0
18:31:05.090 DEBUG dcs.group8.models.GridScheduler 143 reportBusyCount - VO load status,node311,0,node310,0
18:31:07.095 DEBUG dcs.group8.models.GridScheduler 143 reportBusyCount - VO load status,node311,0,node310,0
18:31:09.301 DEBUG dcs.group8.models.GridScheduler 143 reportBusyCount - VO load status,node311,0,node310,0
18:31:11.307 DEBUG dcs.group8.models.GridScheduler 143 reportBusyCount - VO load status,node311,0,node310,0
18:31:13.312 DEBUG dcs.group8.models.GridScheduler 143 reportBusyCount - VO load status,node311,0,node310,0
18:31:15.316 DEBUG dcs.group8.models.GridScheduler 143 reportBusyCount - VO load status,node311,0,node310,0
18:31:17.322 DEBUG dcs.group8.models.GridScheduler 143 reportBusyCount - VO load status,node311,0,node310,0
18:31:19.327 DEBUG dcs.group8.models.GridScheduler 143 reportBusyCount - VO load status,node311,0,node310,0
18:31:21.332 DEBUG dcs.group8.models.GridScheduler 143 reportBusyCount - VO load status,node311,0,node310,0
18:31:23.337 DEBUG dcs.group8.models.GridScheduler 143 reportBusyCount - VO load status,node311,0,node310,0
18:31:25.342 DEBUG dcs.group8.models.GridScheduler 143 reportBusyCount - VO load status,node311,0,node310,0
18:31:27.347 DEBUG dcs.group8.models.GridScheduler 143 reportBusyCount - VO load status,node311,0,node310,0
18:31:29.352 DEBUG dcs.group8.models.GridScheduler 143 reportBusyCount - VO load status,node311,0,node310,0
18:31:31.357 DEBUG dcs.group8.models.GridScheduler 143 reportBusyCount - VO load status,node311,0,node310,0
18:31:33.362 DEBUG dcs.group8.models.GridScheduler 143 reportBusyCount - VO load status,node311,0,node310,0
18:31:35.367 DEBUG dcs.group8.models.GridScheduler 143 reportBusyCount - VO load status,node311,0,node310,0
18:31:37.373 DEBUG dcs.group8.models.GridScheduler 143 reportBusyCount - VO load status,node311,0,node310,0
18:31:39.378 DEBUG dcs.group8.models.GridScheduler 143 reportBusyCount - VO load status,node311,0,node310,0
18:31:41.384 DEBUG dcs.group8.models.GridScheduler 143 reportBusyCount - VO load status,node311,0,node310,0
18:31:43.389 DEBUG dcs.group8.models.GridScheduler 143 reportBusyCount - VO load status,node311,0,node310,0
18:31:45.394 DEBUG dcs.group8.models.GridScheduler 143 reportBusyCount - VO load status,node311,0,node310,0
18:31:47.399 DEBUG dcs.group8.models.GridScheduler 143 reportBusyCount - VO load status,node311,0,node310,0
18:31:49.404 DEBUG dcs.group8.models.GridScheduler 143 reportBusyCount - VO load status,node311,0,node310,0
18:31:51.409 DEBUG dcs.group8.models.GridScheduler 143 reportBusyCount - VO load status,node311,0,node310,0
18:31:53.614 DEBUG dcs.group8.models.GridScheduler 143 reportBusyCount - VO load status,node311,0,node310,0
18:31:55.620 DEBUG dcs.group8.models.GridScheduler 143 reportBusyCount - VO load status,node311,0,node310,0
18:31:57.625 DEBUG dcs.group8.models.GridScheduler 143 reportBusyCount - VO load status,node311,0,node310,0
18:31:59.630 DEBUG dcs.group8.models.GridScheduler 143 reportBusyCount - VO load status,node311,0,node310,0
18:32:01.635 DEBUG dcs.group8.models.GridScheduler 143 reportBusyCount - VO load status,node311,0,node310,0
18:32:03.639 DEBUG dcs.group8.models.GridScheduler 143 reportBusyCount - VO load status,node311,0,node310,0
18:32:05.644 DEBUG dcs.group8.models.GridScheduler 143 reportBusyCount - VO load status,node311,0,node310,0
18:32:07.650 DEBUG dcs.group8.models.GridScheduler 143 reportBusyCount - VO load status,node311,0,node310,0
18:32:09.656 DEBUG dcs.group8.models.GridScheduler 143 reportBusyCount - VO load status,node311,0,node310,0
18:32:11.660 DEBUG dcs.group8.models.GridScheduler 143 reportBusyCount - VO load status,node311,0,node310,0
18:32:13.666 DEBUG dcs.group8.models.GridScheduler 143 reportBusyCount - VO load status,node311,0,node310,0
18:32:15.671 DEBUG dcs.group8.models.GridScheduler 143 reportBusyCount - VO load status,node311,0,node310,0
18:32:17.676 DEBUG dcs.group8.models.GridScheduler 143 reportBusyCount - VO load status,node311,0,node310,0
18:32:19.681 DEBUG dcs.group8.models.GridScheduler 143 reportBusyCount - VO load status,node311,0,node310,0
